# Logfile created on Sat Sep 06 14:24:07 -0700 2008

Processing SourcesController#index (for 127.0.0.1 at 2008-09-09 11:33:23) [GET]
  Session ID: 385b699969f29d5222c24bffc1b0211a
  Parameters: {"action"=>"index", "controller"=>"sources"}
WARNING: You're using the Ruby-based MySQL library that ships with Rails. This library is not suited for production. Please install the C-based MySQL library instead (gem install mysql).
  [4;36;1mSQL (0.155184)[0m   [0;1mSET NAMES 'utf8'[0m
  [4;35;1mSQL (0.015120)[0m   [0mSET SQL_AUTO_IS_NULL=0[0m
  [4;36;1mSource Load (0.203249)[0m   [0;1mSELECT * FROM `sources` [0m
Rendering template within layouts/sources
Rendering sources/index
  [4;35;1mSource Columns (0.065532)[0m   [0mSHOW FIELDS FROM `sources`[0m
Completed in 0.37132 (2 reqs/sec) | Rendering: 0.07059 (19%) | DB: 0.43908 (118%) | 200 OK [http://localhost/]


Processing SourcesController#edit (for 127.0.0.1 at 2008-09-09 11:33:26) [GET]
  Session ID: BAh7BzoMY3NyZl9pZCIlZjA4ZmZiZmQwYTMwYWFkMGJiMjczMTEyMTExNzcz
NWYiCmZsYXNoSUM6J0FjdGlvbkNvbnRyb2xsZXI6OkZsYXNoOjpGbGFzaEhh
c2h7AAY6CkB1c2VkewA=--727b3ffe9aced62e30628ef40b386a2483ecb660
  Parameters: {"action"=>"edit", "id"=>"1", "controller"=>"sources"}
  [4;36;1mSource Columns (0.004265)[0m   [0;1mSHOW FIELDS FROM `sources`[0m
  [4;35;1mSource Load (0.178907)[0m   [0mSELECT * FROM `sources` WHERE (`sources`.`id` = 1) [0m
Rendering template within layouts/sources
Rendering sources/edit
Completed in 0.21886 (4 reqs/sec) | Rendering: 0.02559 (11%) | DB: 0.18317 (83%) | 200 OK [http://localhost/sources/1/edit]


Processing SourcesController#edit (for 127.0.0.1 at 2008-09-09 11:37:55) [GET]
  Session ID: BAh7BzoMY3NyZl9pZCIlZjA4ZmZiZmQwYTMwYWFkMGJiMjczMTEyMTExNzcz
NWYiCmZsYXNoSUM6J0FjdGlvbkNvbnRyb2xsZXI6OkZsYXNoOjpGbGFzaEhh
c2h7AAY6CkB1c2VkewA=--727b3ffe9aced62e30628ef40b386a2483ecb660
  Parameters: {"action"=>"edit", "id"=>"1", "controller"=>"sources"}
  [4;36;1mSource Columns (0.004163)[0m   [0;1mSHOW FIELDS FROM `sources`[0m
  [4;35;1mSource Load (0.001948)[0m   [0mSELECT * FROM `sources` WHERE (`sources`.`id` = 1) [0m
Rendering template within layouts/sources
Rendering sources/edit
Completed in 0.03330 (30 reqs/sec) | Rendering: 0.01478 (44%) | DB: 0.00611 (18%) | 200 OK [http://localhost/sources/1/edit]


Processing SourcesController#edit (for 127.0.0.1 at 2008-09-09 11:38:28) [GET]
  Session ID: BAh7BzoMY3NyZl9pZCIlZjA4ZmZiZmQwYTMwYWFkMGJiMjczMTEyMTExNzcz
NWYiCmZsYXNoSUM6J0FjdGlvbkNvbnRyb2xsZXI6OkZsYXNoOjpGbGFzaEhh
c2h7AAY6CkB1c2VkewA=--727b3ffe9aced62e30628ef40b386a2483ecb660
  Parameters: {"action"=>"edit", "id"=>"1", "controller"=>"sources"}
  [4;36;1mSource Columns (0.003478)[0m   [0;1mSHOW FIELDS FROM `sources`[0m
  [4;35;1mSource Load (0.002602)[0m   [0mSELECT * FROM `sources` WHERE (`sources`.`id` = 1) [0m
Rendering template within layouts/sources
Rendering sources/edit


ActionView::TemplateError (undefined method `createcall' for #<Source:0x19eda1c>) on line #37 of sources/edit.html.erb:
34:   </p>
35:     <p>
36:     <%= f.label "Create Call" %><br />
37:     <%= f.text_area :createcall, :rows=>20, :cols=>60%>
38:   </p>
39:   <p>
40:     <%= f.label "Update Call" %><br />

    /Library/Ruby/Gems/1.8/gems/activerecord-2.1.0/lib/active_record/attribute_methods.rb:256:in `method_missing'
    /Library/Ruby/Gems/1.8/gems/actionpack-2.1.0/lib/action_view/helpers/form_helper.rb:624:in `send'
    /Library/Ruby/Gems/1.8/gems/actionpack-2.1.0/lib/action_view/helpers/form_helper.rb:624:in `value_before_type_cast'
    /Library/Ruby/Gems/1.8/gems/actionpack-2.1.0/lib/action_view/helpers/form_helper.rb:612:in `value_before_type_cast'
    /Library/Ruby/Gems/1.8/gems/actionpack-2.1.0/lib/action_view/helpers/form_helper.rb:568:in `to_text_area_tag'
    /Library/Ruby/Gems/1.8/gems/actionpack-2.1.0/lib/action_view/helpers/form_helper.rb:445:in `text_area'
    /Library/Ruby/Gems/1.8/gems/actionpack-2.1.0/lib/action_view/helpers/form_helper.rb:709:in `send'
    /Library/Ruby/Gems/1.8/gems/actionpack-2.1.0/lib/action_view/helpers/form_helper.rb:709:in `text_area'
    app/views/sources/edit.html.erb:37:in `_run_erb_47app47views47sources47edit46html46erb'
    /Library/Ruby/Gems/1.8/gems/actionpack-2.1.0/lib/action_view/helpers/form_helper.rb:317:in `fields_for'
    /Library/Ruby/Gems/1.8/gems/actionpack-2.1.0/lib/action_view/helpers/form_helper.rb:253:in `form_for'
    app/views/sources/edit.html.erb:3:in `_run_erb_47app47views47sources47edit46html46erb'
    /Library/Ruby/Gems/1.8/gems/actionpack-2.1.0/lib/action_view/base.rb:338:in `send'
    /Library/Ruby/Gems/1.8/gems/actionpack-2.1.0/lib/action_view/base.rb:338:in `execute'
    /Library/Ruby/Gems/1.8/gems/actionpack-2.1.0/lib/action_view/template_handlers/compilable.rb:29:in `send'
    /Library/Ruby/Gems/1.8/gems/actionpack-2.1.0/lib/action_view/template_handlers/compilable.rb:29:in `render'
    /Library/Ruby/Gems/1.8/gems/actionpack-2.1.0/lib/action_view/template.rb:35:in `render'
    /Library/Ruby/Gems/1.8/gems/actionpack-2.1.0/lib/action_view/template.rb:22:in `render_template'
    /Library/Ruby/Gems/1.8/gems/actionpack-2.1.0/lib/action_view/base.rb:245:in `render_file'
    /Library/Ruby/Gems/1.8/gems/actionpack-2.1.0/lib/action_controller/base.rb:1108:in `render_for_file'
    /Library/Ruby/Gems/1.8/gems/actionpack-2.1.0/lib/action_controller/base.rb:865:in `render_with_no_layout'
    /Library/Ruby/Gems/1.8/gems/actionpack-2.1.0/lib/action_controller/base.rb:880:in `render_with_no_layout'
    /Library/Ruby/Gems/1.8/gems/actionpack-2.1.0/lib/action_controller/layout.rb:251:in `render_without_benchmark'
    /Library/Ruby/Gems/1.8/gems/actionpack-2.1.0/lib/action_controller/benchmarking.rb:51:in `render'
    /Library/Ruby/Gems/1.8/gems/activesupport-2.1.0/lib/active_support/core_ext/benchmark.rb:8:in `realtime'
    /Library/Ruby/Gems/1.8/gems/actionpack-2.1.0/lib/action_controller/benchmarking.rb:51:in `render'
    app/controllers/sources_controller.rb:63:in `edit'
    /Library/Ruby/Gems/1.8/gems/actionpack-2.1.0/lib/action_controller/base.rb:1162:in `send'
    /Library/Ruby/Gems/1.8/gems/actionpack-2.1.0/lib/action_controller/base.rb:1162:in `perform_action_without_filters'
    /Library/Ruby/Gems/1.8/gems/actionpack-2.1.0/lib/action_controller/filters.rb:580:in `call_filters'
    /Library/Ruby/Gems/1.8/gems/actionpack-2.1.0/lib/action_controller/filters.rb:573:in `perform_action_without_benchmark'
    /Library/Ruby/Gems/1.8/gems/actionpack-2.1.0/lib/action_controller/benchmarking.rb:68:in `perform_action_without_rescue'
    /System/Library/Frameworks/Ruby.framework/Versions/1.8/usr/lib/ruby/1.8/benchmark.rb:293:in `measure'
    /Library/Ruby/Gems/1.8/gems/actionpack-2.1.0/lib/action_controller/benchmarking.rb:68:in `perform_action_without_rescue'
    /Library/Ruby/Gems/1.8/gems/actionpack-2.1.0/lib/action_controller/rescue.rb:201:in `perform_action_without_caching'
    /Library/Ruby/Gems/1.8/gems/actionpack-2.1.0/lib/action_controller/caching/sql_cache.rb:13:in `perform_action'
    /Library/Ruby/Gems/1.8/gems/activerecord-2.1.0/lib/active_record/connection_adapters/abstract/query_cache.rb:33:in `cache'
    /Library/Ruby/Gems/1.8/gems/activerecord-2.1.0/lib/active_record/query_cache.rb:8:in `cache'
    /Library/Ruby/Gems/1.8/gems/actionpack-2.1.0/lib/action_controller/caching/sql_cache.rb:12:in `perform_action'
    /Library/Ruby/Gems/1.8/gems/actionpack-2.1.0/lib/action_controller/base.rb:529:in `send'
    /Library/Ruby/Gems/1.8/gems/actionpack-2.1.0/lib/action_controller/base.rb:529:in `process_without_filters'
    /Library/Ruby/Gems/1.8/gems/actionpack-2.1.0/lib/action_controller/filters.rb:569:in `process_without_session_management_support'
    /Library/Ruby/Gems/1.8/gems/actionpack-2.1.0/lib/action_controller/session_management.rb:130:in `process'
    /Library/Ruby/Gems/1.8/gems/actionpack-2.1.0/lib/action_controller/base.rb:389:in `process'
    /Library/Ruby/Gems/1.8/gems/actionpack-2.1.0/lib/action_controller/dispatcher.rb:149:in `handle_request'
    /Library/Ruby/Gems/1.8/gems/actionpack-2.1.0/lib/action_controller/dispatcher.rb:107:in `dispatch'
    /Library/Ruby/Gems/1.8/gems/actionpack-2.1.0/lib/action_controller/dispatcher.rb:104:in `synchronize'
    /Library/Ruby/Gems/1.8/gems/actionpack-2.1.0/lib/action_controller/dispatcher.rb:104:in `dispatch'
    /Library/Ruby/Gems/1.8/gems/actionpack-2.1.0/lib/action_controller/dispatcher.rb:120:in `dispatch_cgi'
    /Library/Ruby/Gems/1.8/gems/actionpack-2.1.0/lib/action_controller/dispatcher.rb:35:in `dispatch'
    /System/Library/Frameworks/Ruby.framework/Versions/1.8/usr/lib/ruby/gems/1.8/gems/mongrel-1.1.4/lib/mongrel/rails.rb:76:in `process'
    /System/Library/Frameworks/Ruby.framework/Versions/1.8/usr/lib/ruby/gems/1.8/gems/mongrel-1.1.4/lib/mongrel/rails.rb:74:in `synchronize'
    /System/Library/Frameworks/Ruby.framework/Versions/1.8/usr/lib/ruby/gems/1.8/gems/mongrel-1.1.4/lib/mongrel/rails.rb:74:in `process'
    /System/Library/Frameworks/Ruby.framework/Versions/1.8/usr/lib/ruby/gems/1.8/gems/mongrel-1.1.4/lib/mongrel.rb:159:in `process_client'
    /System/Library/Frameworks/Ruby.framework/Versions/1.8/usr/lib/ruby/gems/1.8/gems/mongrel-1.1.4/lib/mongrel.rb:158:in `each'
    /System/Library/Frameworks/Ruby.framework/Versions/1.8/usr/lib/ruby/gems/1.8/gems/mongrel-1.1.4/lib/mongrel.rb:158:in `process_client'
    /System/Library/Frameworks/Ruby.framework/Versions/1.8/usr/lib/ruby/gems/1.8/gems/mongrel-1.1.4/lib/mongrel.rb:285:in `run'
    /System/Library/Frameworks/Ruby.framework/Versions/1.8/usr/lib/ruby/gems/1.8/gems/mongrel-1.1.4/lib/mongrel.rb:285:in `initialize'
    /System/Library/Frameworks/Ruby.framework/Versions/1.8/usr/lib/ruby/gems/1.8/gems/mongrel-1.1.4/lib/mongrel.rb:285:in `new'
    /System/Library/Frameworks/Ruby.framework/Versions/1.8/usr/lib/ruby/gems/1.8/gems/mongrel-1.1.4/lib/mongrel.rb:285:in `run'
    /System/Library/Frameworks/Ruby.framework/Versions/1.8/usr/lib/ruby/gems/1.8/gems/mongrel-1.1.4/lib/mongrel.rb:268:in `initialize'
    /System/Library/Frameworks/Ruby.framework/Versions/1.8/usr/lib/ruby/gems/1.8/gems/mongrel-1.1.4/lib/mongrel.rb:268:in `new'
    /System/Library/Frameworks/Ruby.framework/Versions/1.8/usr/lib/ruby/gems/1.8/gems/mongrel-1.1.4/lib/mongrel.rb:268:in `run'
    /System/Library/Frameworks/Ruby.framework/Versions/1.8/usr/lib/ruby/gems/1.8/gems/mongrel-1.1.4/lib/mongrel/configurator.rb:282:in `run'
    /System/Library/Frameworks/Ruby.framework/Versions/1.8/usr/lib/ruby/gems/1.8/gems/mongrel-1.1.4/lib/mongrel/configurator.rb:281:in `each'
    /System/Library/Frameworks/Ruby.framework/Versions/1.8/usr/lib/ruby/gems/1.8/gems/mongrel-1.1.4/lib/mongrel/configurator.rb:281:in `run'
    /System/Library/Frameworks/Ruby.framework/Versions/1.8/usr/lib/ruby/gems/1.8/gems/mongrel-1.1.4/bin/mongrel_rails:128:in `run'
    /System/Library/Frameworks/Ruby.framework/Versions/1.8/usr/lib/ruby/gems/1.8/gems/mongrel-1.1.4/lib/mongrel/command.rb:212:in `run'
    /System/Library/Frameworks/Ruby.framework/Versions/1.8/usr/lib/ruby/gems/1.8/gems/mongrel-1.1.4/bin/mongrel_rails:281
    /usr/bin/mongrel_rails:19:in `load'
    /usr/bin/mongrel_rails:19

Rendering /Library/Ruby/Gems/1.8/gems/actionpack-2.1.0/lib/action_controller/templates/rescues/layout.erb (internal_server_error)
WARNING: You're using the Ruby-based MySQL library that ships with Rails. This library is not suited for production. Please install the C-based MySQL library instead (gem install mysql).
  [4;36;1mSQL (0.000225)[0m   [0;1mSET NAMES 'utf8'[0m
  [4;35;1mSQL (0.000213)[0m   [0mSET SQL_AUTO_IS_NULL=0[0m
  [4;36;1mSQL (0.192594)[0m   [0;1mSHOW TABLES[0m
  [4;35;1mSQL (0.022250)[0m   [0mSELECT version FROM schema_migrations[0m
  [4;36;1mSQL (0.000924)[0m   [0;1mSELECT version FROM schema_migrations[0m
  [4;35;1mSQL (0.000877)[0m   [0mSELECT version FROM schema_migrations[0m
  [4;36;1mSQL (0.000862)[0m   [0;1mSELECT version FROM schema_migrations[0m
Migrating to CreateSources (20080831020723)
  [4;35;1mSQL (0.000863)[0m   [0mSELECT version FROM schema_migrations[0m
Migrating to CreateObjectValues (20080831020931)
  [4;36;1mSQL (0.000899)[0m   [0;1mSELECT version FROM schema_migrations[0m
Migrating to AddSourceColumns (20080902111111)
  [4;35;1mSQL (0.000849)[0m   [0mSELECT version FROM schema_migrations[0m
Migrating to LoadSources (20080904182331)
  [4;36;1mSQL (0.000928)[0m   [0;1mSELECT version FROM schema_migrations[0m
Migrating to AddObjectUpdateType (20080906212411)
  [4;35;1mSQL (0.000961)[0m   [0mSELECT version FROM schema_migrations[0m
  [4;36;1mSQL (0.243581)[0m   [0;1mALTER TABLE `object_values` ADD `update_type` varchar(255)[0m
  [4;35;1mSQL (0.037368)[0m   [0mINSERT INTO schema_migrations (version) VALUES ('20080906212411')[0m
Migrating to AddSourceCallColumns (20080906214406)
  [4;36;1mSQL (0.001588)[0m   [0;1mSELECT version FROM schema_migrations[0m
  [4;35;1mSQL (0.010660)[0m   [0mALTER TABLE `sources` ADD `createcall` text[0m
  [4;36;1mSQL (0.012886)[0m   [0;1mALTER TABLE `sources` ADD `updatecall` text[0m
  [4;35;1mSQL (0.009346)[0m   [0mALTER TABLE `sources` ADD `deletecall` text[0m
  [4;36;1mSQL (0.001235)[0m   [0;1mINSERT INTO schema_migrations (version) VALUES ('20080906214406')[0m
  [4;35;1mSQL (0.000746)[0m   [0mSELECT version FROM schema_migrations[0m
  [4;36;1mSQL (0.000815)[0m   [0;1mSHOW TABLES[0m
  [4;35;1mSQL (0.006593)[0m   [0mSHOW FIELDS FROM `object_values`[0m
  [4;36;1mSQL (0.004137)[0m   [0;1mdescribe `object_values`[0m
  [4;35;1mSQL (0.002399)[0m   [0mSHOW KEYS FROM `object_values`[0m
  [4;36;1mSQL (0.004450)[0m   [0;1mSHOW FIELDS FROM `sources`[0m
  [4;35;1mSQL (0.003992)[0m   [0mdescribe `sources`[0m
  [4;36;1mSQL (0.002301)[0m   [0;1mSHOW KEYS FROM `sources`[0m


Processing SourcesController#edit (for 127.0.0.1 at 2008-09-09 11:44:19) [GET]
  Session ID: BAh7BzoMY3NyZl9pZCIlZjA4ZmZiZmQwYTMwYWFkMGJiMjczMTEyMTExNzcz
NWYiCmZsYXNoSUM6J0FjdGlvbkNvbnRyb2xsZXI6OkZsYXNoOjpGbGFzaEhh
c2h7AAY6CkB1c2VkewA=--727b3ffe9aced62e30628ef40b386a2483ecb660
  Parameters: {"action"=>"edit", "id"=>"1", "controller"=>"sources"}
WARNING: You're using the Ruby-based MySQL library that ships with Rails. This library is not suited for production. Please install the C-based MySQL library instead (gem install mysql).
  [4;36;1mSQL (0.000270)[0m   [0;1mSET NAMES 'utf8'[0m
  [4;35;1mSQL (0.000249)[0m   [0mSET SQL_AUTO_IS_NULL=0[0m
  [4;36;1mSource Columns (0.004889)[0m   [0;1mSHOW FIELDS FROM `sources`[0m
  [4;35;1mSource Load (0.001924)[0m   [0mSELECT * FROM `sources` WHERE (`sources`.`id` = 1) [0m
Rendering template within layouts/sources
Rendering sources/edit
Completed in 0.03498 (28 reqs/sec) | Rendering: 0.01974 (56%) | DB: 0.00733 (20%) | 200 OK [http://localhost/sources/1/edit]


Processing SourcesController#edit (for 127.0.0.1 at 2008-09-09 11:46:14) [GET]
  Session ID: BAh7BzoMY3NyZl9pZCIlZjA4ZmZiZmQwYTMwYWFkMGJiMjczMTEyMTExNzcz
NWYiCmZsYXNoSUM6J0FjdGlvbkNvbnRyb2xsZXI6OkZsYXNoOjpGbGFzaEhh
c2h7AAY6CkB1c2VkewA=--727b3ffe9aced62e30628ef40b386a2483ecb660
  Parameters: {"action"=>"edit", "id"=>"1", "controller"=>"sources"}
  [4;36;1mSource Columns (0.130147)[0m   [0;1mSHOW FIELDS FROM `sources`[0m
  [4;35;1mSource Load (0.002458)[0m   [0mSELECT * FROM `sources` WHERE (`sources`.`id` = 1) [0m
Rendering template within layouts/sources
Rendering sources/edit
Completed in 0.15887 (6 reqs/sec) | Rendering: 0.01668 (10%) | DB: 0.13261 (83%) | 200 OK [http://localhost/sources/1/edit]


Processing SourcesController#edit (for 127.0.0.1 at 2008-09-09 11:46:18) [GET]
  Session ID: BAh7BzoMY3NyZl9pZCIlZjA4ZmZiZmQwYTMwYWFkMGJiMjczMTEyMTExNzcz
NWYiCmZsYXNoSUM6J0FjdGlvbkNvbnRyb2xsZXI6OkZsYXNoOjpGbGFzaEhh
c2h7AAY6CkB1c2VkewA=--727b3ffe9aced62e30628ef40b386a2483ecb660
  Parameters: {"action"=>"edit", "id"=>"1", "controller"=>"sources"}
  [4;36;1mSource Columns (0.004524)[0m   [0;1mSHOW FIELDS FROM `sources`[0m
  [4;35;1mSource Load (0.002352)[0m   [0mSELECT * FROM `sources` WHERE (`sources`.`id` = 1) [0m
Rendering template within layouts/sources
Rendering sources/edit
Completed in 0.02668 (37 reqs/sec) | Rendering: 0.01020 (38%) | DB: 0.00688 (25%) | 200 OK [http://localhost/sources/1/edit]
WARNING: You're using the Ruby-based MySQL library that ships with Rails. This library is not suited for production. Please install the C-based MySQL library instead (gem install mysql).
  [4;36;1mSQL (0.000312)[0m   [0;1mSET NAMES 'utf8'[0m
  [4;35;1mSQL (0.000298)[0m   [0mSET SQL_AUTO_IS_NULL=0[0m
  [4;36;1mSQL (0.000867)[0m   [0;1mSHOW TABLES[0m
  [4;35;1mSQL (0.000736)[0m   [0mSELECT version FROM schema_migrations[0m
WARNING: You're using the Ruby-based MySQL library that ships with Rails. This library is not suited for production. Please install the C-based MySQL library instead (gem install mysql).
  [4;36;1mSQL (0.000239)[0m   [0;1mSET NAMES 'utf8'[0m
  [4;35;1mSQL (0.000226)[0m   [0mSET SQL_AUTO_IS_NULL=0[0m
  [4;36;1mSQL (0.000669)[0m   [0;1mSHOW TABLES[0m
  [4;35;1mSQL (0.000735)[0m   [0mSELECT version FROM schema_migrations[0m
  [4;36;1mSQL (0.000572)[0m   [0;1mSELECT version FROM schema_migrations[0m
  [4;35;1mSQL (0.000576)[0m   [0mSELECT version FROM schema_migrations[0m
  [4;36;1mSQL (0.000585)[0m   [0;1mSELECT version FROM schema_migrations[0m
  [4;35;1mSQL (0.000477)[0m   [0mSELECT version FROM schema_migrations[0m
Migrating to CreateSources (20080831020723)
  [4;36;1mSQL (0.000500)[0m   [0;1mSELECT version FROM schema_migrations[0m
Migrating to CreateObjectValues (20080831020931)
  [4;35;1mSQL (0.000495)[0m   [0mSELECT version FROM schema_migrations[0m
Migrating to AddSourceColumns (20080902111111)
  [4;36;1mSQL (0.000488)[0m   [0;1mSELECT version FROM schema_migrations[0m
Migrating to AddObjectUpdateType (20080906212411)
  [4;35;1mSQL (0.000490)[0m   [0mSELECT version FROM schema_migrations[0m
Migrating to AddSourceCallColumns (20080906214406)
  [4;36;1mSQL (0.000483)[0m   [0;1mSELECT version FROM schema_migrations[0m
Migrating to LoadAllSource (20080915225024)
  [4;35;1mSQL (0.000495)[0m   [0mSELECT version FROM schema_migrations[0m
WARNING: You're using the Ruby-based MySQL library that ships with Rails. This library is not suited for production. Please install the C-based MySQL library instead (gem install mysql).
  [4;36;1mSQL (0.000253)[0m   [0;1mSET NAMES 'utf8'[0m
  [4;35;1mSQL (0.000222)[0m   [0mSET SQL_AUTO_IS_NULL=0[0m
  [4;36;1mSQL (0.000662)[0m   [0;1mSHOW TABLES[0m
WARNING: You're using the Ruby-based MySQL library that ships with Rails. This library is not suited for production. Please install the C-based MySQL library instead (gem install mysql).
  [4;36;1mSQL (0.000294)[0m   [0;1mSET NAMES 'utf8'[0m
  [4;35;1mSQL (0.000276)[0m   [0mSET SQL_AUTO_IS_NULL=0[0m
  [4;36;1mSQL (0.000844)[0m   [0;1mSHOW TABLES[0m
  [4;35;1mSQL (0.000887)[0m   [0mSELECT version FROM schema_migrations[0m
  [4;36;1mSQL (0.000674)[0m   [0;1mSELECT version FROM schema_migrations[0m
  [4;35;1mSQL (0.000657)[0m   [0mSELECT version FROM schema_migrations[0m
  [4;36;1mSQL (0.000649)[0m   [0;1mSELECT version FROM schema_migrations[0m
  [4;35;1mSQL (0.000840)[0m   [0mSELECT version FROM schema_migrations[0m
Migrating to CreateSources (20080831020723)
  [4;36;1mSQL (0.000656)[0m   [0;1mSELECT version FROM schema_migrations[0m
Migrating to CreateObjectValues (20080831020931)
  [4;35;1mSQL (0.000652)[0m   [0mSELECT version FROM schema_migrations[0m
Migrating to AddSourceColumns (20080902111111)
  [4;36;1mSQL (0.000644)[0m   [0;1mSELECT version FROM schema_migrations[0m
Migrating to AddObjectUpdateType (20080906212411)
  [4;35;1mSQL (0.000642)[0m   [0mSELECT version FROM schema_migrations[0m
Migrating to AddSourceCallColumns (20080906214406)
  [4;36;1mSQL (0.000655)[0m   [0;1mSELECT version FROM schema_migrations[0m
Migrating to LoadAllSource (20080915225024)
  [4;35;1mSQL (0.000670)[0m   [0mSELECT version FROM schema_migrations[0m
WARNING: You're using the Ruby-based MySQL library that ships with Rails. This library is not suited for production. Please install the C-based MySQL library instead (gem install mysql).
  [4;36;1mSQL (0.000307)[0m   [0;1mSET NAMES 'utf8'[0m
  [4;35;1mSQL (0.000276)[0m   [0mSET SQL_AUTO_IS_NULL=0[0m
  [4;36;1mSQL (0.000872)[0m   [0;1mSHOW TABLES[0m
  [4;35;1mSQL (0.000874)[0m   [0mSELECT version FROM schema_migrations[0m
  [4;36;1mSQL (0.000655)[0m   [0;1mSELECT version FROM schema_migrations[0m
  [4;35;1mSQL (0.000646)[0m   [0mSELECT version FROM schema_migrations[0m
  [4;36;1mSQL (0.000685)[0m   [0;1mSELECT version FROM schema_migrations[0m
  [4;35;1mSQL (0.000558)[0m   [0mSELECT version FROM schema_migrations[0m
Migrating to CreateSources (20080831020723)
  [4;36;1mSQL (0.000557)[0m   [0;1mSELECT version FROM schema_migrations[0m
Migrating to CreateObjectValues (20080831020931)
  [4;35;1mSQL (0.000555)[0m   [0mSELECT version FROM schema_migrations[0m
Migrating to AddSourceColumns (20080902111111)
  [4;36;1mSQL (0.000555)[0m   [0;1mSELECT version FROM schema_migrations[0m
Migrating to AddObjectUpdateType (20080906212411)
  [4;35;1mSQL (0.000577)[0m   [0mSELECT version FROM schema_migrations[0m
Migrating to AddSourceCallColumns (20080906214406)
  [4;36;1mSQL (0.000569)[0m   [0;1mSELECT version FROM schema_migrations[0m
Migrating to LoadAllSource (20080915225024)
  [4;35;1mSQL (0.000567)[0m   [0mSELECT version FROM schema_migrations[0m
WARNING: You're using the Ruby-based MySQL library that ships with Rails. This library is not suited for production. Please install the C-based MySQL library instead (gem install mysql).
  [4;36;1mSQL (0.000297)[0m   [0;1mSET NAMES 'utf8'[0m
  [4;35;1mSQL (0.000277)[0m   [0mSET SQL_AUTO_IS_NULL=0[0m
  [4;36;1mSQL (0.000844)[0m   [0;1mSHOW TABLES[0m
  [4;35;1mSQL (0.000904)[0m   [0mSELECT version FROM schema_migrations[0m
  [4;36;1mSQL (0.000660)[0m   [0;1mSELECT version FROM schema_migrations[0m
  [4;35;1mSQL (0.000651)[0m   [0mSELECT version FROM schema_migrations[0m
  [4;36;1mSQL (0.000695)[0m   [0;1mSELECT version FROM schema_migrations[0m
  [4;35;1mSQL (0.000651)[0m   [0mSELECT version FROM schema_migrations[0m
Migrating to CreateSources (20080831020723)
  [4;36;1mSQL (0.000649)[0m   [0;1mSELECT version FROM schema_migrations[0m
Migrating to CreateObjectValues (20080831020931)
  [4;35;1mSQL (0.000629)[0m   [0mSELECT version FROM schema_migrations[0m
Migrating to AddSourceColumns (20080902111111)
  [4;36;1mSQL (0.000643)[0m   [0;1mSELECT version FROM schema_migrations[0m
Migrating to AddObjectUpdateType (20080906212411)
  [4;35;1mSQL (0.000640)[0m   [0mSELECT version FROM schema_migrations[0m
Migrating to AddSourceCallColumns (20080906214406)
  [4;36;1mSQL (0.000668)[0m   [0;1mSELECT version FROM schema_migrations[0m
Migrating to LoadAllSource (20080915225024)
  [4;35;1mSQL (0.000653)[0m   [0mSELECT version FROM schema_migrations[0m
WARNING: You're using the Ruby-based MySQL library that ships with Rails. This library is not suited for production. Please install the C-based MySQL library instead (gem install mysql).
  [4;36;1mSQL (0.000286)[0m   [0;1mSET NAMES 'utf8'[0m
  [4;35;1mSQL (0.000209)[0m   [0mSET SQL_AUTO_IS_NULL=0[0m
  [4;36;1mSQL (0.000666)[0m   [0;1mSHOW TABLES[0m
  [4;35;1mSQL (0.000687)[0m   [0mSELECT version FROM schema_migrations[0m
  [4;36;1mSQL (0.000501)[0m   [0;1mSELECT version FROM schema_migrations[0m
  [4;35;1mSQL (0.000499)[0m   [0mSELECT version FROM schema_migrations[0m
  [4;36;1mSQL (0.000498)[0m   [0;1mSELECT version FROM schema_migrations[0m
  [4;35;1mSQL (0.000511)[0m   [0mSELECT version FROM schema_migrations[0m
Migrating to CreateSources (20080831020723)
  [4;36;1mSQL (0.000573)[0m   [0;1mSELECT version FROM schema_migrations[0m
Migrating to CreateObjectValues (20080831020931)
  [4;35;1mSQL (0.000510)[0m   [0mSELECT version FROM schema_migrations[0m
Migrating to AddSourceColumns (20080902111111)
  [4;36;1mSQL (0.000493)[0m   [0;1mSELECT version FROM schema_migrations[0m
Migrating to AddObjectUpdateType (20080906212411)
  [4;35;1mSQL (0.000529)[0m   [0mSELECT version FROM schema_migrations[0m
Migrating to AddSourceCallColumns (20080906214406)
  [4;36;1mSQL (0.000499)[0m   [0;1mSELECT version FROM schema_migrations[0m
Migrating to LoadAllSource (20080915225024)
  [4;35;1mSQL (0.000503)[0m   [0mSELECT version FROM schema_migrations[0m
WARNING: You're using the Ruby-based MySQL library that ships with Rails. This library is not suited for production. Please install the C-based MySQL library instead (gem install mysql).
  [4;36;1mSQL (0.000306)[0m   [0;1mSET NAMES 'utf8'[0m
  [4;35;1mSQL (0.000299)[0m   [0mSET SQL_AUTO_IS_NULL=0[0m
  [4;36;1mSQL (0.000899)[0m   [0;1mSHOW TABLES[0m
  [4;35;1mSQL (0.000729)[0m   [0mSELECT version FROM schema_migrations[0m
  [4;36;1mSQL (0.000505)[0m   [0;1mSELECT version FROM schema_migrations[0m
  [4;35;1mSQL (0.000492)[0m   [0mSELECT version FROM schema_migrations[0m
  [4;36;1mSQL (0.000500)[0m   [0;1mSELECT version FROM schema_migrations[0m
  [4;35;1mSQL (0.000489)[0m   [0mSELECT version FROM schema_migrations[0m
Migrating to CreateSources (20080831020723)
  [4;36;1mSQL (0.000490)[0m   [0;1mSELECT version FROM schema_migrations[0m
Migrating to CreateObjectValues (20080831020931)
  [4;35;1mSQL (0.000488)[0m   [0mSELECT version FROM schema_migrations[0m
Migrating to AddSourceColumns (20080902111111)
  [4;36;1mSQL (0.000487)[0m   [0;1mSELECT version FROM schema_migrations[0m
Migrating to AddObjectUpdateType (20080906212411)
  [4;35;1mSQL (0.000486)[0m   [0mSELECT version FROM schema_migrations[0m
Migrating to AddSourceCallColumns (20080906214406)
  [4;36;1mSQL (0.000626)[0m   [0;1mSELECT version FROM schema_migrations[0m
Migrating to LoadAllSource (20080915225024)
  [4;35;1mSQL (0.000520)[0m   [0mSELECT version FROM schema_migrations[0m
WARNING: You're using the Ruby-based MySQL library that ships with Rails. This library is not suited for production. Please install the C-based MySQL library instead (gem install mysql).
  [4;36;1mSQL (0.000234)[0m   [0;1mSET NAMES 'utf8'[0m
  [4;35;1mSQL (0.000215)[0m   [0mSET SQL_AUTO_IS_NULL=0[0m
  [4;36;1mSQL (0.000660)[0m   [0;1mSHOW TABLES[0m
  [4;35;1mSQL (0.001359)[0m   [0mSELECT version FROM schema_migrations[0m
  [4;36;1mSQL (0.000956)[0m   [0;1mSELECT version FROM schema_migrations[0m
  [4;35;1mSQL (0.001124)[0m   [0mSELECT version FROM schema_migrations[0m
  [4;36;1mSQL (0.000956)[0m   [0;1mSELECT version FROM schema_migrations[0m
  [4;35;1mSQL (0.000935)[0m   [0mSELECT version FROM schema_migrations[0m
Migrating to CreateSources (20080831020723)
  [4;36;1mSQL (0.000913)[0m   [0;1mSELECT version FROM schema_migrations[0m
Migrating to CreateObjectValues (20080831020931)
  [4;35;1mSQL (0.000968)[0m   [0mSELECT version FROM schema_migrations[0m
Migrating to AddSourceColumns (20080902111111)
  [4;36;1mSQL (0.001226)[0m   [0;1mSELECT version FROM schema_migrations[0m
Migrating to AddObjectUpdateType (20080906212411)
  [4;35;1mSQL (0.001136)[0m   [0mSELECT version FROM schema_migrations[0m
Migrating to AddSourceCallColumns (20080906214406)
  [4;36;1mSQL (0.000963)[0m   [0;1mSELECT version FROM schema_migrations[0m
Migrating to LoadAllSource (20080915225024)
  [4;35;1mSQL (0.000964)[0m   [0mSELECT version FROM schema_migrations[0m
  [4;36;1mSQL (0.001052)[0m   [0;1mINSERT INTO schema_migrations (version) VALUES ('20080915225024')[0m
  [4;35;1mSQL (0.001651)[0m   [0mSELECT version FROM schema_migrations[0m
  [4;36;1mSQL (0.000991)[0m   [0;1mSHOW TABLES[0m
  [4;35;1mSQL (0.003869)[0m   [0mSHOW FIELDS FROM `object_values`[0m
  [4;36;1mSQL (0.003770)[0m   [0;1mdescribe `object_values`[0m
  [4;35;1mSQL (0.002023)[0m   [0mSHOW KEYS FROM `object_values`[0m
  [4;36;1mSQL (0.005479)[0m   [0;1mSHOW FIELDS FROM `sources`[0m
  [4;35;1mSQL (0.004845)[0m   [0mdescribe `sources`[0m
  [4;36;1mSQL (0.001744)[0m   [0;1mSHOW KEYS FROM `sources`[0m
WARNING: You're using the Ruby-based MySQL library that ships with Rails. This library is not suited for production. Please install the C-based MySQL library instead (gem install mysql).
  [4;36;1mSQL (0.000311)[0m   [0;1mSET NAMES 'utf8'[0m
  [4;35;1mSQL (0.000281)[0m   [0mSET SQL_AUTO_IS_NULL=0[0m
  [4;36;1mSQL (0.000847)[0m   [0;1mSHOW TABLES[0m
  [4;35;1mSQL (0.000780)[0m   [0mSELECT version FROM schema_migrations[0m
  [4;36;1mSQL (0.000978)[0m   [0;1mSELECT version FROM schema_migrations[0m
  [4;35;1mSQL (0.000859)[0m   [0mSHOW TABLES[0m
  [4;36;1mSQL (0.003407)[0m   [0;1mSHOW FIELDS FROM `object_values`[0m
  [4;35;1mSQL (0.003271)[0m   [0mdescribe `object_values`[0m
  [4;36;1mSQL (0.002475)[0m   [0;1mSHOW KEYS FROM `object_values`[0m
  [4;35;1mSQL (0.004134)[0m   [0mSHOW FIELDS FROM `sources`[0m
  [4;36;1mSQL (0.004093)[0m   [0;1mdescribe `sources`[0m
  [4;35;1mSQL (0.001937)[0m   [0mSHOW KEYS FROM `sources`[0m
WARNING: You're using the Ruby-based MySQL library that ships with Rails. This library is not suited for production. Please install the C-based MySQL library instead (gem install mysql).
  [4;36;1mSQL (0.000457)[0m   [0;1mSET NAMES 'utf8'[0m
  [4;35;1mSQL (0.000408)[0m   [0mSET SQL_AUTO_IS_NULL=0[0m
  [4;36;1mSQL (0.001253)[0m   [0;1mSHOW TABLES[0m
  [4;35;1mSQL (0.001078)[0m   [0mSELECT version FROM schema_migrations[0m
  [4;36;1mSQL (0.000795)[0m   [0;1mSELECT version FROM schema_migrations[0m
  [4;35;1mSQL (0.000732)[0m   [0mSHOW TABLES[0m
  [4;36;1mSQL (0.004459)[0m   [0;1mSHOW FIELDS FROM `object_values`[0m
  [4;35;1mSQL (0.006057)[0m   [0mdescribe `object_values`[0m
  [4;36;1mSQL (0.002309)[0m   [0;1mSHOW KEYS FROM `object_values`[0m
  [4;35;1mSQL (0.005174)[0m   [0mSHOW FIELDS FROM `sources`[0m
  [4;36;1mSQL (0.004639)[0m   [0;1mdescribe `sources`[0m
  [4;35;1mSQL (0.001902)[0m   [0mSHOW KEYS FROM `sources`[0m
WARNING: You're using the Ruby-based MySQL library that ships with Rails. This library is not suited for production. Please install the C-based MySQL library instead (gem install mysql).
WARNING: You're using the Ruby-based MySQL library that ships with Rails. This library is not suited for production. Please install the C-based MySQL library instead (gem install mysql).
  [4;36;1mSQL (0.000297)[0m   [0;1mSET NAMES 'utf8'[0m
  [4;35;1mSQL (0.000263)[0m   [0mSET SQL_AUTO_IS_NULL=0[0m
  [4;36;1mSQL (0.000742)[0m   [0;1mSHOW TABLES[0m
  [4;35;1mSQL (0.003452)[0m   [0mCREATE TABLE `schema_migrations` (`version` varchar(255) NOT NULL) ENGINE=InnoDB[0m
  [4;36;1mSQL (0.006294)[0m   [0;1mCREATE UNIQUE INDEX `unique_schema_migrations` ON `schema_migrations` (`version`)[0m
  [4;35;1mSQL (0.000932)[0m   [0mSHOW TABLES[0m
  [4;36;1mSQL (0.000917)[0m   [0;1mSELECT version FROM schema_migrations[0m
  [4;35;1mSQL (0.000457)[0m   [0mSELECT version FROM schema_migrations[0m
  [4;36;1mSQL (0.000453)[0m   [0;1mSELECT version FROM schema_migrations[0m
  [4;35;1mSQL (0.000455)[0m   [0mSELECT version FROM schema_migrations[0m
  [4;36;1mSQL (0.000566)[0m   [0;1mSELECT version FROM schema_migrations[0m
  [4;35;1mSQL (0.000447)[0m   [0mSELECT version FROM schema_migrations[0m
Migrating to CreateSources (20080831020723)
  [4;36;1mSQL (0.000437)[0m   [0;1mSELECT version FROM schema_migrations[0m
  [4;35;1mSQL (0.003279)[0m   [0mCREATE TABLE `sources` (`id` int(11) DEFAULT NULL auto_increment PRIMARY KEY, `name` varchar(255) DEFAULT NULL NULL, `url` varchar(255) DEFAULT NULL NULL, `method` varchar(255) DEFAULT NULL NULL, `login` varchar(255) DEFAULT NULL NULL, `password` varchar(255) DEFAULT NULL NULL, `created_at` datetime DEFAULT NULL NULL, `updated_at` datetime DEFAULT NULL NULL) ENGINE=InnoDB[0m
  [4;36;1mSQL (0.001086)[0m   [0;1mINSERT INTO schema_migrations (version) VALUES ('20080831020723')[0m
Migrating to CreateObjectValues (20080831020931)
  [4;35;1mSQL (0.000555)[0m   [0mSELECT version FROM schema_migrations[0m
  [4;36;1mSQL (0.002784)[0m   [0;1mCREATE TABLE `object_values` (`id` int(11) DEFAULT NULL auto_increment PRIMARY KEY, `source_id` int(11) DEFAULT NULL NULL, `attribute` varchar(255) DEFAULT NULL NULL, `object` varchar(255) DEFAULT NULL NULL, `value` varchar(255) DEFAULT NULL NULL, `created_at` datetime DEFAULT NULL NULL, `updated_at` datetime DEFAULT NULL NULL) ENGINE=InnoDB[0m
  [4;35;1mSQL (0.001154)[0m   [0mINSERT INTO schema_migrations (version) VALUES ('20080831020931')[0m
Migrating to AddSourceColumns (20080902111111)
  [4;36;1mSQL (0.000962)[0m   [0;1mSELECT version FROM schema_migrations[0m
  [4;35;1mSQL (0.006710)[0m   [0mALTER TABLE `sources` ADD `prolog` text[0m
  [4;36;1mSQL (0.006081)[0m   [0;1mALTER TABLE `sources` ADD `epilog` text[0m
  [4;35;1mSQL (0.009156)[0m   [0mALTER TABLE `sources` ADD `call` text[0m
  [4;36;1mSQL (0.006691)[0m   [0;1mALTER TABLE `sources` ADD `sync` text[0m
  [4;35;1mSQL (0.007040)[0m   [0mALTER TABLE `sources` ADD `type` varchar(255)[0m
  [4;36;1mSQL (0.001229)[0m   [0;1mINSERT INTO schema_migrations (version) VALUES ('20080902111111')[0m
Migrating to AddObjectUpdateType (20080906212411)
  [4;35;1mSQL (0.000720)[0m   [0mSELECT version FROM schema_migrations[0m
  [4;36;1mSQL (0.173307)[0m   [0;1mALTER TABLE `object_values` ADD `update_type` varchar(255)[0m
  [4;35;1mSQL (0.001444)[0m   [0mINSERT INTO schema_migrations (version) VALUES ('20080906212411')[0m
Migrating to AddSourceCallColumns (20080906214406)
  [4;36;1mSQL (0.000949)[0m   [0;1mSELECT version FROM schema_migrations[0m
  [4;35;1mSQL (0.012207)[0m   [0mALTER TABLE `sources` ADD `createcall` text[0m
  [4;36;1mSQL (0.009597)[0m   [0;1mALTER TABLE `sources` ADD `updatecall` text[0m
  [4;35;1mSQL (0.028002)[0m   [0mALTER TABLE `sources` ADD `deletecall` text[0m
  [4;36;1mSQL (0.002341)[0m   [0;1mINSERT INTO schema_migrations (version) VALUES ('20080906214406')[0m
Migrating to LoadAllSource (20080915225024)
  [4;35;1mSQL (0.001389)[0m   [0mSELECT version FROM schema_migrations[0m
WARNING: You're using the Ruby-based MySQL library that ships with Rails. This library is not suited for production. Please install the C-based MySQL library instead (gem install mysql).
  [4;36;1mSQL (0.000309)[0m   [0;1mSET NAMES 'utf8'[0m
  [4;35;1mSQL (0.000268)[0m   [0mSET SQL_AUTO_IS_NULL=0[0m
  [4;36;1mSQL (0.000837)[0m   [0;1mSHOW TABLES[0m
  [4;35;1mSQL (0.000968)[0m   [0mSELECT version FROM schema_migrations[0m
  [4;36;1mSQL (0.000876)[0m   [0;1mSELECT version FROM schema_migrations[0m
  [4;35;1mSQL (0.000625)[0m   [0mSELECT version FROM schema_migrations[0m
  [4;36;1mSQL (0.000611)[0m   [0;1mSELECT version FROM schema_migrations[0m
  [4;35;1mSQL (0.000862)[0m   [0mSELECT version FROM schema_migrations[0m
Migrating to CreateSources (20080831020723)
  [4;36;1mSQL (0.000609)[0m   [0;1mSELECT version FROM schema_migrations[0m
Migrating to CreateObjectValues (20080831020931)
  [4;35;1mSQL (0.000606)[0m   [0mSELECT version FROM schema_migrations[0m
Migrating to AddSourceColumns (20080902111111)
  [4;36;1mSQL (0.000810)[0m   [0;1mSELECT version FROM schema_migrations[0m
Migrating to AddObjectUpdateType (20080906212411)
  [4;35;1mSQL (0.000683)[0m   [0mSELECT version FROM schema_migrations[0m
Migrating to AddSourceCallColumns (20080906214406)
  [4;36;1mSQL (0.000620)[0m   [0;1mSELECT version FROM schema_migrations[0m
Migrating to LoadAllSource (20080915225024)
  [4;35;1mSQL (0.000616)[0m   [0mSELECT version FROM schema_migrations[0m
  [4;36;1mSQL (0.001563)[0m   [0;1mINSERT INTO schema_migrations (version) VALUES ('20080915225024')[0m
  [4;35;1mSQL (0.000797)[0m   [0mSELECT version FROM schema_migrations[0m
  [4;36;1mSQL (0.000805)[0m   [0;1mSHOW TABLES[0m
  [4;35;1mSQL (0.005478)[0m   [0mSHOW FIELDS FROM `object_values`[0m
  [4;36;1mSQL (0.004938)[0m   [0;1mdescribe `object_values`[0m
  [4;35;1mSQL (0.001945)[0m   [0mSHOW KEYS FROM `object_values`[0m
  [4;36;1mSQL (0.006453)[0m   [0;1mSHOW FIELDS FROM `sources`[0m
  [4;35;1mSQL (0.006684)[0m   [0mdescribe `sources`[0m
  [4;36;1mSQL (0.002931)[0m   [0;1mSHOW KEYS FROM `sources`[0m
WARNING: You're using the Ruby-based MySQL library that ships with Rails. This library is not suited for production. Please install the C-based MySQL library instead (gem install mysql).
  [4;36;1mSQL (0.000235)[0m   [0;1mSET NAMES 'utf8'[0m
  [4;35;1mSQL (0.000207)[0m   [0mSET SQL_AUTO_IS_NULL=0[0m
  [4;36;1mSQL (0.000646)[0m   [0;1mSHOW TABLES[0m
  [4;35;1mSQL (0.000596)[0m   [0mSELECT version FROM schema_migrations[0m
  [4;36;1mSQL (0.001101)[0m   [0;1mSELECT version FROM schema_migrations[0m
  [4;35;1mSQL (0.000850)[0m   [0mSHOW TABLES[0m
  [4;36;1mSQL (0.003324)[0m   [0;1mSHOW FIELDS FROM `object_values`[0m
  [4;35;1mSQL (0.003363)[0m   [0mdescribe `object_values`[0m
  [4;36;1mSQL (0.002088)[0m   [0;1mSHOW KEYS FROM `object_values`[0m
  [4;35;1mSQL (0.004593)[0m   [0mSHOW FIELDS FROM `sources`[0m
  [4;36;1mSQL (0.004291)[0m   [0;1mdescribe `sources`[0m
  [4;35;1mSQL (0.001937)[0m   [0mSHOW KEYS FROM `sources`[0m
  [4;36;1mSQL (0.000221)[0m   [0;1mSET NAMES 'utf8'[0m
  [4;35;1mSQL (0.000172)[0m   [0mSET SQL_AUTO_IS_NULL=0[0m
  [4;36;1mSQL (0.000591)[0m   [0;1mDROP DATABASE IF EXISTS `rhosync_test`[0m
  [4;35;1mSQL (0.000721)[0m   [0mCREATE DATABASE `rhosync_test` DEFAULT CHARACTER SET `utf8`[0m
  [4;36;1mSQL (0.000192)[0m   [0;1mSET NAMES 'utf8'[0m
  [4;35;1mSQL (0.000179)[0m   [0mSET SQL_AUTO_IS_NULL=0[0m
  [4;36;1mSQL (0.000552)[0m   [0;1mSHOW TABLES[0m
  [4;35;1mSQL (0.486391)[0m   [0mCREATE TABLE `object_values` (`id` int(11) DEFAULT NULL auto_increment PRIMARY KEY, `source_id` bigint(11) DEFAULT NULL NULL, `attribute` varchar(255) DEFAULT NULL NULL, `object` varchar(255) DEFAULT NULL NULL, `value` varchar(255) DEFAULT NULL NULL, `created_at` datetime DEFAULT NULL NULL, `updated_at` datetime DEFAULT NULL NULL, `update_type` varchar(255) DEFAULT NULL NULL) ENGINE=InnoDB[0m
  [4;36;1mSQL (0.001363)[0m   [0;1mSHOW TABLES[0m
  [4;35;1mSQL (0.004889)[0m   [0mCREATE TABLE `sources` (`id` int(11) DEFAULT NULL auto_increment PRIMARY KEY, `name` varchar(255) DEFAULT NULL NULL, `url` varchar(255) DEFAULT NULL NULL, `method` varchar(255) DEFAULT NULL NULL, `login` varchar(255) DEFAULT NULL NULL, `password` varchar(255) DEFAULT NULL NULL, `created_at` datetime DEFAULT NULL NULL, `updated_at` datetime DEFAULT NULL NULL, `prolog` text DEFAULT NULL NULL, `epilog` text DEFAULT NULL NULL, `call` text DEFAULT NULL NULL, `sync` text DEFAULT NULL NULL, `type` varchar(255) DEFAULT NULL NULL, `createcall` text DEFAULT NULL NULL, `updatecall` text DEFAULT NULL NULL, `deletecall` text DEFAULT NULL NULL) ENGINE=InnoDB[0m
  [4;36;1mSQL (0.001567)[0m   [0;1mSHOW TABLES[0m
  [4;35;1mSQL (0.003364)[0m   [0mCREATE TABLE `schema_migrations` (`version` varchar(255) NOT NULL) ENGINE=InnoDB[0m
  [4;36;1mSQL (0.010767)[0m   [0;1mCREATE UNIQUE INDEX `unique_schema_migrations` ON `schema_migrations` (`version`)[0m
  [4;35;1mSQL (0.001609)[0m   [0mSHOW TABLES[0m
  [4;36;1mSQL (0.000969)[0m   [0;1mSELECT version FROM `schema_migrations`[0m
  [4;35;1mSQL (0.001003)[0m   [0mINSERT INTO `schema_migrations` (version) VALUES ('20080915225024')[0m
  [4;36;1mSQL (0.002587)[0m   [0;1mINSERT INTO `schema_migrations` (version) VALUES ('20080831020723')[0m
  [4;35;1mSQL (0.000944)[0m   [0mINSERT INTO `schema_migrations` (version) VALUES ('20080831020931')[0m
  [4;36;1mSQL (0.000913)[0m   [0;1mINSERT INTO `schema_migrations` (version) VALUES ('20080902111111')[0m
  [4;35;1mSQL (0.000920)[0m   [0mINSERT INTO `schema_migrations` (version) VALUES ('20080906212411')[0m
  [4;36;1mSQL (0.000909)[0m   [0;1mINSERT INTO `schema_migrations` (version) VALUES ('20080906214406')[0m
WARNING: You're using the Ruby-based MySQL library that ships with Rails. This library is not suited for production. Please install the C-based MySQL library instead (gem install mysql).
  [4;36;1mSQL (0.000306)[0m   [0;1mSET NAMES 'utf8'[0m
  [4;35;1mSQL (0.000267)[0m   [0mSET SQL_AUTO_IS_NULL=0[0m
  [4;36;1mSQL (0.000857)[0m   [0;1mSHOW TABLES[0m
  [4;35;1mSQL (0.000702)[0m   [0mSELECT version FROM schema_migrations[0m
  [4;36;1mSQL (0.001437)[0m   [0;1mSELECT version FROM schema_migrations[0m
  [4;35;1mSQL (0.001260)[0m   [0mSHOW TABLES[0m
  [4;36;1mSQL (0.005378)[0m   [0;1mSHOW FIELDS FROM `object_values`[0m
  [4;35;1mSQL (0.008769)[0m   [0mdescribe `object_values`[0m
  [4;36;1mSQL (0.002941)[0m   [0;1mSHOW KEYS FROM `object_values`[0m
  [4;35;1mSQL (0.006931)[0m   [0mSHOW FIELDS FROM `sources`[0m
  [4;36;1mSQL (0.008561)[0m   [0;1mdescribe `sources`[0m
  [4;35;1mSQL (0.003277)[0m   [0mSHOW KEYS FROM `sources`[0m
  [4;36;1mSQL (0.000249)[0m   [0;1mSET NAMES 'utf8'[0m
  [4;35;1mSQL (0.000216)[0m   [0mSET SQL_AUTO_IS_NULL=0[0m
  [4;36;1mSQL (0.007683)[0m   [0;1mDROP DATABASE IF EXISTS `rhosync_test`[0m
  [4;35;1mSQL (0.000789)[0m   [0mCREATE DATABASE `rhosync_test` DEFAULT CHARACTER SET `utf8`[0m
  [4;36;1mSQL (0.000241)[0m   [0;1mSET NAMES 'utf8'[0m
  [4;35;1mSQL (0.000203)[0m   [0mSET SQL_AUTO_IS_NULL=0[0m
  [4;36;1mSQL (0.000580)[0m   [0;1mSHOW TABLES[0m
  [4;35;1mSQL (0.005153)[0m   [0mCREATE TABLE `object_values` (`id` int(11) DEFAULT NULL auto_increment PRIMARY KEY, `source_id` bigint(11) DEFAULT NULL NULL, `attribute` varchar(255) DEFAULT NULL NULL, `object` varchar(255) DEFAULT NULL NULL, `value` varchar(255) DEFAULT NULL NULL, `created_at` datetime DEFAULT NULL NULL, `updated_at` datetime DEFAULT NULL NULL, `update_type` varchar(255) DEFAULT NULL NULL) ENGINE=InnoDB[0m
  [4;36;1mSQL (0.001254)[0m   [0;1mSHOW TABLES[0m
  [4;35;1mSQL (0.004519)[0m   [0mCREATE TABLE `sources` (`id` int(11) DEFAULT NULL auto_increment PRIMARY KEY, `name` varchar(255) DEFAULT NULL NULL, `url` varchar(255) DEFAULT NULL NULL, `method` varchar(255) DEFAULT NULL NULL, `login` varchar(255) DEFAULT NULL NULL, `password` varchar(255) DEFAULT NULL NULL, `created_at` datetime DEFAULT NULL NULL, `updated_at` datetime DEFAULT NULL NULL, `prolog` text DEFAULT NULL NULL, `epilog` text DEFAULT NULL NULL, `call` text DEFAULT NULL NULL, `sync` text DEFAULT NULL NULL, `type` varchar(255) DEFAULT NULL NULL, `createcall` text DEFAULT NULL NULL, `updatecall` text DEFAULT NULL NULL, `deletecall` text DEFAULT NULL NULL) ENGINE=InnoDB[0m
  [4;36;1mSQL (0.000768)[0m   [0;1mSHOW TABLES[0m
  [4;35;1mSQL (0.002610)[0m   [0mCREATE TABLE `schema_migrations` (`version` varchar(255) NOT NULL) ENGINE=InnoDB[0m
  [4;36;1mSQL (0.010516)[0m   [0;1mCREATE UNIQUE INDEX `unique_schema_migrations` ON `schema_migrations` (`version`)[0m
  [4;35;1mSQL (0.000917)[0m   [0mSHOW TABLES[0m
  [4;36;1mSQL (0.000782)[0m   [0;1mSELECT version FROM `schema_migrations`[0m
  [4;35;1mSQL (0.000880)[0m   [0mINSERT INTO `schema_migrations` (version) VALUES ('20080915225024')[0m
  [4;36;1mSQL (0.000935)[0m   [0;1mINSERT INTO `schema_migrations` (version) VALUES ('20080831020723')[0m
  [4;35;1mSQL (0.000912)[0m   [0mINSERT INTO `schema_migrations` (version) VALUES ('20080831020931')[0m
  [4;36;1mSQL (0.000924)[0m   [0;1mINSERT INTO `schema_migrations` (version) VALUES ('20080902111111')[0m
  [4;35;1mSQL (0.000916)[0m   [0mINSERT INTO `schema_migrations` (version) VALUES ('20080906212411')[0m
  [4;36;1mSQL (0.001110)[0m   [0;1mINSERT INTO `schema_migrations` (version) VALUES ('20080906214406')[0m
WARNING: You're using the Ruby-based MySQL library that ships with Rails. This library is not suited for production. Please install the C-based MySQL library instead (gem install mysql).
  [4;36;1mSQL (0.000236)[0m   [0;1mSET NAMES 'utf8'[0m
  [4;35;1mSQL (0.000225)[0m   [0mSET SQL_AUTO_IS_NULL=0[0m
  [4;36;1mSQL (0.000797)[0m   [0;1mSHOW TABLES[0m
  [4;35;1mSQL (0.000567)[0m   [0mSELECT version FROM schema_migrations[0m
  [4;36;1mSQL (0.000704)[0m   [0;1mSELECT version FROM schema_migrations[0m
  [4;35;1mSQL (0.000649)[0m   [0mSHOW TABLES[0m
  [4;36;1mSQL (0.002717)[0m   [0;1mSHOW FIELDS FROM `object_values`[0m
  [4;35;1mSQL (0.002710)[0m   [0mdescribe `object_values`[0m
  [4;36;1mSQL (0.001533)[0m   [0;1mSHOW KEYS FROM `object_values`[0m
  [4;35;1mSQL (0.003933)[0m   [0mSHOW FIELDS FROM `sources`[0m
  [4;36;1mSQL (0.003458)[0m   [0;1mdescribe `sources`[0m
  [4;35;1mSQL (0.001429)[0m   [0mSHOW KEYS FROM `sources`[0m
  [4;36;1mSQL (0.000253)[0m   [0;1mSET NAMES 'utf8'[0m
  [4;35;1mSQL (0.000212)[0m   [0mSET SQL_AUTO_IS_NULL=0[0m
  [4;36;1mSQL (0.154697)[0m   [0;1mDROP DATABASE IF EXISTS `rhosync_test`[0m
  [4;35;1mSQL (0.000944)[0m   [0mCREATE DATABASE `rhosync_test` DEFAULT CHARACTER SET `utf8`[0m
  [4;36;1mSQL (0.000241)[0m   [0;1mSET NAMES 'utf8'[0m
  [4;35;1mSQL (0.000211)[0m   [0mSET SQL_AUTO_IS_NULL=0[0m
  [4;36;1mSQL (0.000748)[0m   [0;1mSHOW TABLES[0m
  [4;35;1mSQL (0.003619)[0m   [0mCREATE TABLE `object_values` (`id` int(11) DEFAULT NULL auto_increment PRIMARY KEY, `source_id` bigint(11) DEFAULT NULL NULL, `attribute` varchar(255) DEFAULT NULL NULL, `object` varchar(255) DEFAULT NULL NULL, `value` varchar(255) DEFAULT NULL NULL, `created_at` datetime DEFAULT NULL NULL, `updated_at` datetime DEFAULT NULL NULL, `update_type` varchar(255) DEFAULT NULL NULL) ENGINE=InnoDB[0m
  [4;36;1mSQL (0.000881)[0m   [0;1mSHOW TABLES[0m
  [4;35;1mSQL (0.004797)[0m   [0mCREATE TABLE `sources` (`id` int(11) DEFAULT NULL auto_increment PRIMARY KEY, `name` varchar(255) DEFAULT NULL NULL, `url` varchar(255) DEFAULT NULL NULL, `method` varchar(255) DEFAULT NULL NULL, `login` varchar(255) DEFAULT NULL NULL, `password` varchar(255) DEFAULT NULL NULL, `created_at` datetime DEFAULT NULL NULL, `updated_at` datetime DEFAULT NULL NULL, `prolog` text DEFAULT NULL NULL, `epilog` text DEFAULT NULL NULL, `call` text DEFAULT NULL NULL, `sync` text DEFAULT NULL NULL, `type` varchar(255) DEFAULT NULL NULL, `createcall` text DEFAULT NULL NULL, `updatecall` text DEFAULT NULL NULL, `deletecall` text DEFAULT NULL NULL) ENGINE=InnoDB[0m
  [4;36;1mSQL (0.000980)[0m   [0;1mSHOW TABLES[0m
  [4;35;1mSQL (0.003702)[0m   [0mCREATE TABLE `schema_migrations` (`version` varchar(255) NOT NULL) ENGINE=InnoDB[0m
  [4;36;1mSQL (0.009204)[0m   [0;1mCREATE UNIQUE INDEX `unique_schema_migrations` ON `schema_migrations` (`version`)[0m
  [4;35;1mSQL (0.000805)[0m   [0mSHOW TABLES[0m
  [4;36;1mSQL (0.000638)[0m   [0;1mSELECT version FROM `schema_migrations`[0m
  [4;35;1mSQL (0.002471)[0m   [0mINSERT INTO `schema_migrations` (version) VALUES ('20080915225024')[0m
  [4;36;1mSQL (0.000926)[0m   [0;1mINSERT INTO `schema_migrations` (version) VALUES ('20080831020723')[0m
  [4;35;1mSQL (0.000731)[0m   [0mINSERT INTO `schema_migrations` (version) VALUES ('20080831020931')[0m
  [4;36;1mSQL (0.000846)[0m   [0;1mINSERT INTO `schema_migrations` (version) VALUES ('20080902111111')[0m
  [4;35;1mSQL (0.001068)[0m   [0mINSERT INTO `schema_migrations` (version) VALUES ('20080906212411')[0m
  [4;36;1mSQL (0.002305)[0m   [0;1mINSERT INTO `schema_migrations` (version) VALUES ('20080906214406')[0m
WARNING: You're using the Ruby-based MySQL library that ships with Rails. This library is not suited for production. Please install the C-based MySQL library instead (gem install mysql).
  [4;36;1mSQL (0.000237)[0m   [0;1mSET NAMES 'utf8'[0m
  [4;35;1mSQL (0.000206)[0m   [0mSET SQL_AUTO_IS_NULL=0[0m
  [4;36;1mSQL (0.000700)[0m   [0;1mSHOW TABLES[0m
  [4;35;1mSQL (0.000681)[0m   [0mSELECT version FROM schema_migrations[0m
  [4;36;1mSQL (0.001267)[0m   [0;1mSELECT version FROM schema_migrations[0m
  [4;35;1mSQL (0.001262)[0m   [0mSHOW TABLES[0m
  [4;36;1mSQL (0.004233)[0m   [0;1mSHOW FIELDS FROM `object_values`[0m
  [4;35;1mSQL (0.004311)[0m   [0mdescribe `object_values`[0m
  [4;36;1mSQL (0.001815)[0m   [0;1mSHOW KEYS FROM `object_values`[0m
  [4;35;1mSQL (0.004317)[0m   [0mSHOW FIELDS FROM `sources`[0m
  [4;36;1mSQL (0.004237)[0m   [0;1mdescribe `sources`[0m
  [4;35;1mSQL (0.001831)[0m   [0mSHOW KEYS FROM `sources`[0m
  [4;36;1mSQL (0.000257)[0m   [0;1mSET NAMES 'utf8'[0m
  [4;35;1mSQL (0.000217)[0m   [0mSET SQL_AUTO_IS_NULL=0[0m
  [4;36;1mSQL (0.483668)[0m   [0;1mDROP DATABASE IF EXISTS `rhosync_test`[0m
  [4;35;1mSQL (0.000655)[0m   [0mCREATE DATABASE `rhosync_test` DEFAULT CHARACTER SET `utf8`[0m
  [4;36;1mSQL (0.000251)[0m   [0;1mSET NAMES 'utf8'[0m
  [4;35;1mSQL (0.000215)[0m   [0mSET SQL_AUTO_IS_NULL=0[0m
  [4;36;1mSQL (0.000651)[0m   [0;1mSHOW TABLES[0m
  [4;35;1mSQL (0.004031)[0m   [0mCREATE TABLE `object_values` (`id` int(11) DEFAULT NULL auto_increment PRIMARY KEY, `source_id` bigint(11) DEFAULT NULL NULL, `attribute` varchar(255) DEFAULT NULL NULL, `object` varchar(255) DEFAULT NULL NULL, `value` varchar(255) DEFAULT NULL NULL, `created_at` datetime DEFAULT NULL NULL, `updated_at` datetime DEFAULT NULL NULL, `update_type` varchar(255) DEFAULT NULL NULL) ENGINE=InnoDB[0m
  [4;36;1mSQL (0.001101)[0m   [0;1mSHOW TABLES[0m
  [4;35;1mSQL (0.004858)[0m   [0mCREATE TABLE `sources` (`id` int(11) DEFAULT NULL auto_increment PRIMARY KEY, `name` varchar(255) DEFAULT NULL NULL, `url` varchar(255) DEFAULT NULL NULL, `method` varchar(255) DEFAULT NULL NULL, `login` varchar(255) DEFAULT NULL NULL, `password` varchar(255) DEFAULT NULL NULL, `created_at` datetime DEFAULT NULL NULL, `updated_at` datetime DEFAULT NULL NULL, `prolog` text DEFAULT NULL NULL, `epilog` text DEFAULT NULL NULL, `call` text DEFAULT NULL NULL, `sync` text DEFAULT NULL NULL, `type` varchar(255) DEFAULT NULL NULL, `createcall` text DEFAULT NULL NULL, `updatecall` text DEFAULT NULL NULL, `deletecall` text DEFAULT NULL NULL) ENGINE=InnoDB[0m
  [4;36;1mSQL (0.001262)[0m   [0;1mSHOW TABLES[0m
  [4;35;1mSQL (0.003054)[0m   [0mCREATE TABLE `schema_migrations` (`version` varchar(255) NOT NULL) ENGINE=InnoDB[0m
  [4;36;1mSQL (0.007989)[0m   [0;1mCREATE UNIQUE INDEX `unique_schema_migrations` ON `schema_migrations` (`version`)[0m
  [4;35;1mSQL (0.000807)[0m   [0mSHOW TABLES[0m
  [4;36;1mSQL (0.000640)[0m   [0;1mSELECT version FROM `schema_migrations`[0m
  [4;35;1mSQL (0.002115)[0m   [0mINSERT INTO `schema_migrations` (version) VALUES ('20080915225024')[0m
  [4;36;1mSQL (0.001088)[0m   [0;1mINSERT INTO `schema_migrations` (version) VALUES ('20080831020723')[0m
  [4;35;1mSQL (0.000941)[0m   [0mINSERT INTO `schema_migrations` (version) VALUES ('20080831020931')[0m
  [4;36;1mSQL (0.000919)[0m   [0;1mINSERT INTO `schema_migrations` (version) VALUES ('20080902111111')[0m
  [4;35;1mSQL (0.001180)[0m   [0mINSERT INTO `schema_migrations` (version) VALUES ('20080906212411')[0m
  [4;36;1mSQL (0.000882)[0m   [0;1mINSERT INTO `schema_migrations` (version) VALUES ('20080906214406')[0m
WARNING: You're using the Ruby-based MySQL library that ships with Rails. This library is not suited for production. Please install the C-based MySQL library instead (gem install mysql).
  [4;36;1mSQL (0.000259)[0m   [0;1mSET NAMES 'utf8'[0m
  [4;35;1mSQL (0.000217)[0m   [0mSET SQL_AUTO_IS_NULL=0[0m
  [4;36;1mSQL (0.000690)[0m   [0;1mSHOW TABLES[0m
  [4;35;1mSQL (0.000603)[0m   [0mSELECT version FROM schema_migrations[0m
  [4;36;1mSQL (0.001261)[0m   [0;1mSELECT version FROM schema_migrations[0m
  [4;35;1mSQL (0.001243)[0m   [0mSHOW TABLES[0m
  [4;36;1mSQL (0.004179)[0m   [0;1mSHOW FIELDS FROM `object_values`[0m
  [4;35;1mSQL (0.004514)[0m   [0mdescribe `object_values`[0m
  [4;36;1mSQL (0.001822)[0m   [0;1mSHOW KEYS FROM `object_values`[0m
  [4;35;1mSQL (0.005252)[0m   [0mSHOW FIELDS FROM `sources`[0m
  [4;36;1mSQL (0.004522)[0m   [0;1mdescribe `sources`[0m
  [4;35;1mSQL (0.001877)[0m   [0mSHOW KEYS FROM `sources`[0m
  [4;36;1mSQL (0.000249)[0m   [0;1mSET NAMES 'utf8'[0m
  [4;35;1mSQL (0.000216)[0m   [0mSET SQL_AUTO_IS_NULL=0[0m
  [4;36;1mSQL (0.121511)[0m   [0;1mDROP DATABASE IF EXISTS `rhosync_test`[0m
  [4;35;1mSQL (0.000783)[0m   [0mCREATE DATABASE `rhosync_test` DEFAULT CHARACTER SET `utf8`[0m
  [4;36;1mSQL (0.000244)[0m   [0;1mSET NAMES 'utf8'[0m
  [4;35;1mSQL (0.000210)[0m   [0mSET SQL_AUTO_IS_NULL=0[0m
  [4;36;1mSQL (0.000668)[0m   [0;1mSHOW TABLES[0m
  [4;35;1mSQL (0.006210)[0m   [0mCREATE TABLE `object_values` (`id` int(11) DEFAULT NULL auto_increment PRIMARY KEY, `source_id` bigint(11) DEFAULT NULL NULL, `attribute` varchar(255) DEFAULT NULL NULL, `object` varchar(255) DEFAULT NULL NULL, `value` varchar(255) DEFAULT NULL NULL, `created_at` datetime DEFAULT NULL NULL, `updated_at` datetime DEFAULT NULL NULL, `update_type` varchar(255) DEFAULT NULL NULL) ENGINE=InnoDB[0m
  [4;36;1mSQL (0.000859)[0m   [0;1mSHOW TABLES[0m
  [4;35;1mSQL (0.003191)[0m   [0mCREATE TABLE `sources` (`id` int(11) DEFAULT NULL auto_increment PRIMARY KEY, `name` varchar(255) DEFAULT NULL NULL, `url` varchar(255) DEFAULT NULL NULL, `method` varchar(255) DEFAULT NULL NULL, `login` varchar(255) DEFAULT NULL NULL, `password` varchar(255) DEFAULT NULL NULL, `created_at` datetime DEFAULT NULL NULL, `updated_at` datetime DEFAULT NULL NULL, `prolog` text DEFAULT NULL NULL, `epilog` text DEFAULT NULL NULL, `call` text DEFAULT NULL NULL, `sync` text DEFAULT NULL NULL, `type` varchar(255) DEFAULT NULL NULL, `createcall` text DEFAULT NULL NULL, `updatecall` text DEFAULT NULL NULL, `deletecall` text DEFAULT NULL NULL) ENGINE=InnoDB[0m
  [4;36;1mSQL (0.000718)[0m   [0;1mSHOW TABLES[0m
  [4;35;1mSQL (0.002963)[0m   [0mCREATE TABLE `schema_migrations` (`version` varchar(255) NOT NULL) ENGINE=InnoDB[0m
  [4;36;1mSQL (0.008270)[0m   [0;1mCREATE UNIQUE INDEX `unique_schema_migrations` ON `schema_migrations` (`version`)[0m
  [4;35;1mSQL (0.001200)[0m   [0mSHOW TABLES[0m
  [4;36;1mSQL (0.001078)[0m   [0;1mSELECT version FROM `schema_migrations`[0m
  [4;35;1mSQL (0.003342)[0m   [0mINSERT INTO `schema_migrations` (version) VALUES ('20080915225024')[0m
  [4;36;1mSQL (0.001162)[0m   [0;1mINSERT INTO `schema_migrations` (version) VALUES ('20080831020723')[0m
  [4;35;1mSQL (0.001100)[0m   [0mINSERT INTO `schema_migrations` (version) VALUES ('20080831020931')[0m
  [4;36;1mSQL (0.000992)[0m   [0;1mINSERT INTO `schema_migrations` (version) VALUES ('20080902111111')[0m
  [4;35;1mSQL (0.001002)[0m   [0mINSERT INTO `schema_migrations` (version) VALUES ('20080906212411')[0m
  [4;36;1mSQL (0.000899)[0m   [0;1mINSERT INTO `schema_migrations` (version) VALUES ('20080906214406')[0m
WARNING: You're using the Ruby-based MySQL library that ships with Rails. This library is not suited for production. Please install the C-based MySQL library instead (gem install mysql).
  [4;36;1mSQL (0.000291)[0m   [0;1mSET NAMES 'utf8'[0m
  [4;35;1mSQL (0.000268)[0m   [0mSET SQL_AUTO_IS_NULL=0[0m
  [4;36;1mSQL (0.000957)[0m   [0;1mSHOW TABLES[0m
  [4;35;1mSQL (0.000743)[0m   [0mSELECT version FROM schema_migrations[0m
  [4;36;1mSQL (0.000871)[0m   [0;1mSELECT version FROM schema_migrations[0m
  [4;35;1mSQL (0.000852)[0m   [0mSHOW TABLES[0m
  [4;36;1mSQL (0.003575)[0m   [0;1mSHOW FIELDS FROM `object_values`[0m
  [4;35;1mSQL (0.003727)[0m   [0mdescribe `object_values`[0m
  [4;36;1mSQL (0.001829)[0m   [0;1mSHOW KEYS FROM `object_values`[0m
  [4;35;1mSQL (0.004774)[0m   [0mSHOW FIELDS FROM `sources`[0m
  [4;36;1mSQL (0.004499)[0m   [0;1mdescribe `sources`[0m
  [4;35;1mSQL (0.001871)[0m   [0mSHOW KEYS FROM `sources`[0m
  [4;36;1mSQL (0.000207)[0m   [0;1mSET NAMES 'utf8'[0m
  [4;35;1mSQL (0.000174)[0m   [0mSET SQL_AUTO_IS_NULL=0[0m
  [4;36;1mSQL (0.000592)[0m   [0;1mDROP DATABASE IF EXISTS `rhosync_test`[0m
  [4;35;1mSQL (0.000471)[0m   [0mCREATE DATABASE `rhosync_test` DEFAULT CHARACTER SET `utf8`[0m
  [4;36;1mSQL (0.000243)[0m   [0;1mSET NAMES 'utf8'[0m
  [4;35;1mSQL (0.000211)[0m   [0mSET SQL_AUTO_IS_NULL=0[0m
  [4;36;1mSQL (0.000925)[0m   [0;1mSHOW TABLES[0m
  [4;35;1mSQL (0.109238)[0m   [0mCREATE TABLE `object_values` (`id` int(11) DEFAULT NULL auto_increment PRIMARY KEY, `source_id` bigint(11) DEFAULT NULL NULL, `attribute` varchar(255) DEFAULT NULL NULL, `object` varchar(255) DEFAULT NULL NULL, `value` varchar(255) DEFAULT NULL NULL, `created_at` datetime DEFAULT NULL NULL, `updated_at` datetime DEFAULT NULL NULL, `update_type` varchar(255) DEFAULT NULL NULL) ENGINE=InnoDB[0m
  [4;36;1mSQL (0.000908)[0m   [0;1mSHOW TABLES[0m
  [4;35;1mSQL (0.004256)[0m   [0mCREATE TABLE `sources` (`id` int(11) DEFAULT NULL auto_increment PRIMARY KEY, `name` varchar(255) DEFAULT NULL NULL, `url` varchar(255) DEFAULT NULL NULL, `method` varchar(255) DEFAULT NULL NULL, `login` varchar(255) DEFAULT NULL NULL, `password` varchar(255) DEFAULT NULL NULL, `created_at` datetime DEFAULT NULL NULL, `updated_at` datetime DEFAULT NULL NULL, `prolog` text DEFAULT NULL NULL, `epilog` text DEFAULT NULL NULL, `call` text DEFAULT NULL NULL, `sync` text DEFAULT NULL NULL, `type` varchar(255) DEFAULT NULL NULL, `createcall` text DEFAULT NULL NULL, `updatecall` text DEFAULT NULL NULL, `deletecall` text DEFAULT NULL NULL) ENGINE=InnoDB[0m
  [4;36;1mSQL (0.000833)[0m   [0;1mSHOW TABLES[0m
  [4;35;1mSQL (0.003026)[0m   [0mCREATE TABLE `schema_migrations` (`version` varchar(255) NOT NULL) ENGINE=InnoDB[0m
  [4;36;1mSQL (0.008972)[0m   [0;1mCREATE UNIQUE INDEX `unique_schema_migrations` ON `schema_migrations` (`version`)[0m
  [4;35;1mSQL (0.000799)[0m   [0mSHOW TABLES[0m
  [4;36;1mSQL (0.000637)[0m   [0;1mSELECT version FROM `schema_migrations`[0m
  [4;35;1mSQL (0.000958)[0m   [0mINSERT INTO `schema_migrations` (version) VALUES ('20080915225024')[0m
  [4;36;1mSQL (0.001088)[0m   [0;1mINSERT INTO `schema_migrations` (version) VALUES ('20080831020723')[0m
  [4;35;1mSQL (0.000912)[0m   [0mINSERT INTO `schema_migrations` (version) VALUES ('20080831020931')[0m
  [4;36;1mSQL (0.000986)[0m   [0;1mINSERT INTO `schema_migrations` (version) VALUES ('20080902111111')[0m
  [4;35;1mSQL (0.000952)[0m   [0mINSERT INTO `schema_migrations` (version) VALUES ('20080906212411')[0m
  [4;36;1mSQL (0.000986)[0m   [0;1mINSERT INTO `schema_migrations` (version) VALUES ('20080906214406')[0m
WARNING: You're using the Ruby-based MySQL library that ships with Rails. This library is not suited for production. Please install the C-based MySQL library instead (gem install mysql).
  [4;36;1mSQL (0.000309)[0m   [0;1mSET NAMES 'utf8'[0m
  [4;35;1mSQL (0.000266)[0m   [0mSET SQL_AUTO_IS_NULL=0[0m
  [4;36;1mSQL (0.000875)[0m   [0;1mSHOW TABLES[0m
  [4;35;1mSQL (0.000704)[0m   [0mSELECT version FROM schema_migrations[0m
  [4;36;1mSQL (0.000769)[0m   [0;1mSELECT version FROM schema_migrations[0m
  [4;35;1mSQL (0.000738)[0m   [0mSHOW TABLES[0m
  [4;36;1mSQL (0.003341)[0m   [0;1mSHOW FIELDS FROM `object_values`[0m
  [4;35;1mSQL (0.003485)[0m   [0mdescribe `object_values`[0m
  [4;36;1mSQL (0.003620)[0m   [0;1mSHOW KEYS FROM `object_values`[0m
  [4;35;1mSQL (0.004624)[0m   [0mSHOW FIELDS FROM `sources`[0m
  [4;36;1mSQL (0.005975)[0m   [0;1mdescribe `sources`[0m
  [4;35;1mSQL (0.002068)[0m   [0mSHOW KEYS FROM `sources`[0m
  [4;36;1mSQL (0.000279)[0m   [0;1mSET NAMES 'utf8'[0m
  [4;35;1mSQL (0.000222)[0m   [0mSET SQL_AUTO_IS_NULL=0[0m
  [4;36;1mSQL (0.129655)[0m   [0;1mDROP DATABASE IF EXISTS `rhosync_test`[0m
  [4;35;1mSQL (0.000996)[0m   [0mCREATE DATABASE `rhosync_test` DEFAULT CHARACTER SET `utf8`[0m
  [4;36;1mSQL (0.000242)[0m   [0;1mSET NAMES 'utf8'[0m
  [4;35;1mSQL (0.000213)[0m   [0mSET SQL_AUTO_IS_NULL=0[0m
  [4;36;1mSQL (0.000649)[0m   [0;1mSHOW TABLES[0m
  [4;35;1mSQL (0.003613)[0m   [0mCREATE TABLE `object_values` (`id` int(11) DEFAULT NULL auto_increment PRIMARY KEY, `source_id` bigint(11) DEFAULT NULL NULL, `attribute` varchar(255) DEFAULT NULL NULL, `object` varchar(255) DEFAULT NULL NULL, `value` varchar(255) DEFAULT NULL NULL, `created_at` datetime DEFAULT NULL NULL, `updated_at` datetime DEFAULT NULL NULL, `update_type` varchar(255) DEFAULT NULL NULL) ENGINE=InnoDB[0m
  [4;36;1mSQL (0.001009)[0m   [0;1mSHOW TABLES[0m
  [4;35;1mSQL (0.005492)[0m   [0mCREATE TABLE `sources` (`id` int(11) DEFAULT NULL auto_increment PRIMARY KEY, `name` varchar(255) DEFAULT NULL NULL, `url` varchar(255) DEFAULT NULL NULL, `method` varchar(255) DEFAULT NULL NULL, `login` varchar(255) DEFAULT NULL NULL, `password` varchar(255) DEFAULT NULL NULL, `created_at` datetime DEFAULT NULL NULL, `updated_at` datetime DEFAULT NULL NULL, `prolog` text DEFAULT NULL NULL, `epilog` text DEFAULT NULL NULL, `call` text DEFAULT NULL NULL, `sync` text DEFAULT NULL NULL, `type` varchar(255) DEFAULT NULL NULL, `createcall` text DEFAULT NULL NULL, `updatecall` text DEFAULT NULL NULL, `deletecall` text DEFAULT NULL NULL) ENGINE=InnoDB[0m
  [4;36;1mSQL (0.001138)[0m   [0;1mSHOW TABLES[0m
  [4;35;1mSQL (0.003114)[0m   [0mCREATE TABLE `schema_migrations` (`version` varchar(255) NOT NULL) ENGINE=InnoDB[0m
  [4;36;1mSQL (0.010426)[0m   [0;1mCREATE UNIQUE INDEX `unique_schema_migrations` ON `schema_migrations` (`version`)[0m
  [4;35;1mSQL (0.001024)[0m   [0mSHOW TABLES[0m
  [4;36;1mSQL (0.000810)[0m   [0;1mSELECT version FROM `schema_migrations`[0m
  [4;35;1mSQL (0.000991)[0m   [0mINSERT INTO `schema_migrations` (version) VALUES ('20080915225024')[0m
  [4;36;1mSQL (0.001177)[0m   [0;1mINSERT INTO `schema_migrations` (version) VALUES ('20080831020723')[0m
  [4;35;1mSQL (0.001201)[0m   [0mINSERT INTO `schema_migrations` (version) VALUES ('20080831020931')[0m
  [4;36;1mSQL (0.000810)[0m   [0;1mINSERT INTO `schema_migrations` (version) VALUES ('20080902111111')[0m
  [4;35;1mSQL (0.000831)[0m   [0mINSERT INTO `schema_migrations` (version) VALUES ('20080906212411')[0m
  [4;36;1mSQL (0.000851)[0m   [0;1mINSERT INTO `schema_migrations` (version) VALUES ('20080906214406')[0m
WARNING: You're using the Ruby-based MySQL library that ships with Rails. This library is not suited for production. Please install the C-based MySQL library instead (gem install mysql).
  [4;36;1mSQL (0.000330)[0m   [0;1mSET NAMES 'utf8'[0m
  [4;35;1mSQL (0.000274)[0m   [0mSET SQL_AUTO_IS_NULL=0[0m
  [4;36;1mSQL (0.000862)[0m   [0;1mSHOW TABLES[0m
  [4;35;1mSQL (0.000877)[0m   [0mSELECT version FROM schema_migrations[0m
  [4;36;1mSQL (0.000735)[0m   [0;1mSELECT version FROM schema_migrations[0m
  [4;35;1mSQL (0.000659)[0m   [0mSELECT version FROM schema_migrations[0m
  [4;36;1mSQL (0.000684)[0m   [0;1mSELECT version FROM schema_migrations[0m
  [4;35;1mSQL (0.000664)[0m   [0mSELECT version FROM schema_migrations[0m
  [4;36;1mSQL (0.000658)[0m   [0;1mSELECT version FROM schema_migrations[0m
Migrating to CreateSources (20080831020723)
  [4;35;1mSQL (0.000679)[0m   [0mSELECT version FROM schema_migrations[0m
Migrating to CreateObjectValues (20080831020931)
  [4;36;1mSQL (0.000676)[0m   [0;1mSELECT version FROM schema_migrations[0m
Migrating to AddSourceColumns (20080902111111)
  [4;35;1mSQL (0.000658)[0m   [0mSELECT version FROM schema_migrations[0m
Migrating to AddObjectUpdateType (20080906212411)
  [4;36;1mSQL (0.000706)[0m   [0;1mSELECT version FROM schema_migrations[0m
Migrating to AddSourceCallColumns (20080906214406)
  [4;35;1mSQL (0.000670)[0m   [0mSELECT version FROM schema_migrations[0m
Migrating to LoadAllSource (20080915225024)
  [4;36;1mSQL (0.000685)[0m   [0;1mSELECT version FROM schema_migrations[0m
  [4;35;1mSQL (0.000705)[0m   [0mSELECT version FROM schema_migrations[0m
  [4;36;1mSQL (0.000887)[0m   [0;1mSHOW TABLES[0m
  [4;35;1mSQL (0.003519)[0m   [0mSHOW FIELDS FROM `object_values`[0m
  [4;36;1mSQL (0.003118)[0m   [0;1mdescribe `object_values`[0m
  [4;35;1mSQL (0.002675)[0m   [0mSHOW KEYS FROM `object_values`[0m
  [4;36;1mSQL (0.004320)[0m   [0;1mSHOW FIELDS FROM `sources`[0m
  [4;35;1mSQL (0.004529)[0m   [0mdescribe `sources`[0m
  [4;36;1mSQL (0.001773)[0m   [0;1mSHOW KEYS FROM `sources`[0m
WARNING: You're using the Ruby-based MySQL library that ships with Rails. This library is not suited for production. Please install the C-based MySQL library instead (gem install mysql).
  [4;36;1mSQL (0.000298)[0m   [0;1mSET NAMES 'utf8'[0m
  [4;35;1mSQL (0.000264)[0m   [0mSET SQL_AUTO_IS_NULL=0[0m
  [4;36;1mSQL (0.000703)[0m   [0;1mSHOW TABLES[0m
  [4;35;1mSQL (0.002805)[0m   [0mCREATE TABLE `schema_migrations` (`version` varchar(255) NOT NULL) ENGINE=InnoDB[0m
  [4;36;1mSQL (0.007952)[0m   [0;1mCREATE UNIQUE INDEX `unique_schema_migrations` ON `schema_migrations` (`version`)[0m
  [4;35;1mSQL (0.001585)[0m   [0mSHOW TABLES[0m
  [4;36;1mSQL (0.000944)[0m   [0;1mSELECT version FROM schema_migrations[0m
  [4;35;1mSQL (0.000464)[0m   [0mSELECT version FROM schema_migrations[0m
  [4;36;1mSQL (0.000442)[0m   [0;1mSELECT version FROM schema_migrations[0m
  [4;35;1mSQL (0.000440)[0m   [0mSELECT version FROM schema_migrations[0m
  [4;36;1mSQL (0.000438)[0m   [0;1mSELECT version FROM schema_migrations[0m
  [4;35;1mSQL (0.000439)[0m   [0mSELECT version FROM schema_migrations[0m
Migrating to CreateSources (20080831020723)
  [4;36;1mSQL (0.000436)[0m   [0;1mSELECT version FROM schema_migrations[0m
  [4;35;1mSQL (0.003204)[0m   [0mCREATE TABLE `sources` (`id` int(11) DEFAULT NULL auto_increment PRIMARY KEY, `name` varchar(255) DEFAULT NULL NULL, `url` varchar(255) DEFAULT NULL NULL, `method` varchar(255) DEFAULT NULL NULL, `login` varchar(255) DEFAULT NULL NULL, `password` varchar(255) DEFAULT NULL NULL, `created_at` datetime DEFAULT NULL NULL, `updated_at` datetime DEFAULT NULL NULL) ENGINE=InnoDB[0m
  [4;36;1mSQL (0.001015)[0m   [0;1mINSERT INTO schema_migrations (version) VALUES ('20080831020723')[0m
Migrating to CreateObjectValues (20080831020931)
  [4;35;1mSQL (0.000538)[0m   [0mSELECT version FROM schema_migrations[0m
  [4;36;1mSQL (0.156838)[0m   [0;1mCREATE TABLE `object_values` (`id` int(11) DEFAULT NULL auto_increment PRIMARY KEY, `source_id` int(11) DEFAULT NULL NULL, `attrib` varchar(255) DEFAULT NULL NULL, `object` varchar(255) DEFAULT NULL NULL, `value` varchar(255) DEFAULT NULL NULL, `created_at` datetime DEFAULT NULL NULL, `updated_at` datetime DEFAULT NULL NULL) ENGINE=InnoDB[0m
  [4;35;1mSQL (0.001756)[0m   [0mINSERT INTO schema_migrations (version) VALUES ('20080831020931')[0m
Migrating to AddSourceColumns (20080902111111)
  [4;36;1mSQL (0.000922)[0m   [0;1mSELECT version FROM schema_migrations[0m
  [4;35;1mSQL (0.008896)[0m   [0mALTER TABLE `sources` ADD `prolog` text[0m
  [4;36;1mSQL (0.011411)[0m   [0;1mALTER TABLE `sources` ADD `epilog` text[0m
  [4;35;1mSQL (0.014555)[0m   [0mALTER TABLE `sources` ADD `call` text[0m
  [4;36;1mSQL (0.013815)[0m   [0;1mALTER TABLE `sources` ADD `sync` text[0m
  [4;35;1mSQL (0.011057)[0m   [0mALTER TABLE `sources` ADD `type` varchar(255)[0m
  [4;36;1mSQL (0.001282)[0m   [0;1mINSERT INTO schema_migrations (version) VALUES ('20080902111111')[0m
Migrating to AddObjectUpdateType (20080906212411)
  [4;35;1mSQL (0.000883)[0m   [0mSELECT version FROM schema_migrations[0m
  [4;36;1mSQL (0.012902)[0m   [0;1mALTER TABLE `object_values` ADD `update_type` varchar(255)[0m
  [4;35;1mSQL (0.001148)[0m   [0mINSERT INTO schema_migrations (version) VALUES ('20080906212411')[0m
Migrating to AddSourceCallColumns (20080906214406)
  [4;36;1mSQL (0.000650)[0m   [0;1mSELECT version FROM schema_migrations[0m
  [4;35;1mSQL (0.007693)[0m   [0mALTER TABLE `sources` ADD `createcall` text[0m
  [4;36;1mSQL (0.010710)[0m   [0;1mALTER TABLE `sources` ADD `updatecall` text[0m
  [4;35;1mSQL (0.010651)[0m   [0mALTER TABLE `sources` ADD `deletecall` text[0m
  [4;36;1mSQL (0.004645)[0m   [0;1mINSERT INTO schema_migrations (version) VALUES ('20080906214406')[0m
Migrating to LoadAllSource (20080915225024)
  [4;35;1mSQL (0.002230)[0m   [0mSELECT version FROM schema_migrations[0m
  [4;36;1mSQL (0.001125)[0m   [0;1mINSERT INTO schema_migrations (version) VALUES ('20080915225024')[0m
  [4;35;1mSQL (0.001092)[0m   [0mSELECT version FROM schema_migrations[0m
  [4;36;1mSQL (0.001588)[0m   [0;1mSHOW TABLES[0m
  [4;35;1mSQL (0.003299)[0m   [0mSHOW FIELDS FROM `object_values`[0m
  [4;36;1mSQL (0.006230)[0m   [0;1mdescribe `object_values`[0m
  [4;35;1mSQL (0.003308)[0m   [0mSHOW KEYS FROM `object_values`[0m
  [4;36;1mSQL (0.006395)[0m   [0;1mSHOW FIELDS FROM `sources`[0m
  [4;35;1mSQL (0.004380)[0m   [0mdescribe `sources`[0m
  [4;36;1mSQL (0.002006)[0m   [0;1mSHOW KEYS FROM `sources`[0m
WARNING: You're using the Ruby-based MySQL library that ships with Rails. This library is not suited for production. Please install the C-based MySQL library instead (gem install mysql).
  [4;36;1mSQL (0.000300)[0m   [0;1mSET NAMES 'utf8'[0m
  [4;35;1mSQL (0.000266)[0m   [0mSET SQL_AUTO_IS_NULL=0[0m
  [4;36;1mSQL (0.000874)[0m   [0;1mSHOW TABLES[0m
  [4;35;1mSQL (0.000732)[0m   [0mSELECT version FROM schema_migrations[0m
  [4;36;1mSQL (0.000865)[0m   [0;1mSELECT version FROM schema_migrations[0m
  [4;35;1mSQL (0.000898)[0m   [0mSHOW TABLES[0m
  [4;36;1mSQL (0.003547)[0m   [0;1mSHOW FIELDS FROM `object_values`[0m
  [4;35;1mSQL (0.003469)[0m   [0mdescribe `object_values`[0m
  [4;36;1mSQL (0.002270)[0m   [0;1mSHOW KEYS FROM `object_values`[0m
  [4;35;1mSQL (0.004763)[0m   [0mSHOW FIELDS FROM `sources`[0m
  [4;36;1mSQL (0.004413)[0m   [0;1mdescribe `sources`[0m
  [4;35;1mSQL (0.002011)[0m   [0mSHOW KEYS FROM `sources`[0m
  [4;36;1mSQL (0.000247)[0m   [0;1mSET NAMES 'utf8'[0m
  [4;35;1mSQL (0.000221)[0m   [0mSET SQL_AUTO_IS_NULL=0[0m
  [4;36;1mSQL (0.000784)[0m   [0;1mDROP DATABASE IF EXISTS `rhosync_test`[0m
  [4;35;1mSQL (0.000677)[0m   [0mCREATE DATABASE `rhosync_test` DEFAULT CHARACTER SET `utf8`[0m
  [4;36;1mSQL (0.000243)[0m   [0;1mSET NAMES 'utf8'[0m
  [4;35;1mSQL (0.000239)[0m   [0mSET SQL_AUTO_IS_NULL=0[0m
  [4;36;1mSQL (0.000746)[0m   [0;1mSHOW TABLES[0m
  [4;35;1mSQL (0.107943)[0m   [0mCREATE TABLE `object_values` (`id` int(11) DEFAULT NULL auto_increment PRIMARY KEY, `source_id` bigint(11) DEFAULT NULL NULL, `attrib` varchar(255) DEFAULT NULL NULL, `object` varchar(255) DEFAULT NULL NULL, `value` varchar(255) DEFAULT NULL NULL, `created_at` datetime DEFAULT NULL NULL, `updated_at` datetime DEFAULT NULL NULL, `update_type` varchar(255) DEFAULT NULL NULL) ENGINE=InnoDB[0m
  [4;36;1mSQL (0.001137)[0m   [0;1mSHOW TABLES[0m
  [4;35;1mSQL (0.004093)[0m   [0mCREATE TABLE `sources` (`id` int(11) DEFAULT NULL auto_increment PRIMARY KEY, `name` varchar(255) DEFAULT NULL NULL, `url` varchar(255) DEFAULT NULL NULL, `method` varchar(255) DEFAULT NULL NULL, `login` varchar(255) DEFAULT NULL NULL, `password` varchar(255) DEFAULT NULL NULL, `created_at` datetime DEFAULT NULL NULL, `updated_at` datetime DEFAULT NULL NULL, `prolog` text DEFAULT NULL NULL, `epilog` text DEFAULT NULL NULL, `call` text DEFAULT NULL NULL, `sync` text DEFAULT NULL NULL, `type` varchar(255) DEFAULT NULL NULL, `createcall` text DEFAULT NULL NULL, `updatecall` text DEFAULT NULL NULL, `deletecall` text DEFAULT NULL NULL) ENGINE=InnoDB[0m
  [4;36;1mSQL (0.000787)[0m   [0;1mSHOW TABLES[0m
  [4;35;1mSQL (0.002820)[0m   [0mCREATE TABLE `schema_migrations` (`version` varchar(255) NOT NULL) ENGINE=InnoDB[0m
  [4;36;1mSQL (0.009531)[0m   [0;1mCREATE UNIQUE INDEX `unique_schema_migrations` ON `schema_migrations` (`version`)[0m
  [4;35;1mSQL (0.001179)[0m   [0mSHOW TABLES[0m
  [4;36;1mSQL (0.000781)[0m   [0;1mSELECT version FROM `schema_migrations`[0m
  [4;35;1mSQL (0.000889)[0m   [0mINSERT INTO `schema_migrations` (version) VALUES ('20080915225024')[0m
  [4;36;1mSQL (0.000925)[0m   [0;1mINSERT INTO `schema_migrations` (version) VALUES ('20080831020723')[0m
  [4;35;1mSQL (0.000869)[0m   [0mINSERT INTO `schema_migrations` (version) VALUES ('20080831020931')[0m
  [4;36;1mSQL (0.000929)[0m   [0;1mINSERT INTO `schema_migrations` (version) VALUES ('20080902111111')[0m
  [4;35;1mSQL (0.000942)[0m   [0mINSERT INTO `schema_migrations` (version) VALUES ('20080906212411')[0m
  [4;36;1mSQL (0.000919)[0m   [0;1mINSERT INTO `schema_migrations` (version) VALUES ('20080906214406')[0m
WARNING: You're using the Ruby-based MySQL library that ships with Rails. This library is not suited for production. Please install the C-based MySQL library instead (gem install mysql).
  [4;36;1mSQL (0.000434)[0m   [0;1mSET NAMES 'utf8'[0m
  [4;35;1mSQL (0.000245)[0m   [0mSET SQL_AUTO_IS_NULL=0[0m
  [4;36;1mSQL (0.000866)[0m   [0;1mSHOW TABLES[0m
  [4;35;1mSQL (0.000836)[0m   [0mSELECT version FROM schema_migrations[0m
  [4;36;1mSQL (0.001247)[0m   [0;1mSELECT version FROM schema_migrations[0m
  [4;35;1mSQL (0.001248)[0m   [0mSHOW TABLES[0m
  [4;36;1mSQL (0.004277)[0m   [0;1mSHOW FIELDS FROM `object_values`[0m
  [4;35;1mSQL (0.004224)[0m   [0mdescribe `object_values`[0m
  [4;36;1mSQL (0.002123)[0m   [0;1mSHOW KEYS FROM `object_values`[0m
  [4;35;1mSQL (0.004158)[0m   [0mSHOW FIELDS FROM `sources`[0m
  [4;36;1mSQL (0.003702)[0m   [0;1mdescribe `sources`[0m
  [4;35;1mSQL (0.001631)[0m   [0mSHOW KEYS FROM `sources`[0m
  [4;36;1mSQL (0.000253)[0m   [0;1mSET NAMES 'utf8'[0m
  [4;35;1mSQL (0.000214)[0m   [0mSET SQL_AUTO_IS_NULL=0[0m
  [4;36;1mSQL (0.473473)[0m   [0;1mDROP DATABASE IF EXISTS `rhosync_test`[0m
  [4;35;1mSQL (0.001030)[0m   [0mCREATE DATABASE `rhosync_test` DEFAULT CHARACTER SET `utf8`[0m
  [4;36;1mSQL (0.000244)[0m   [0;1mSET NAMES 'utf8'[0m
  [4;35;1mSQL (0.000364)[0m   [0mSET SQL_AUTO_IS_NULL=0[0m
  [4;36;1mSQL (0.000680)[0m   [0;1mSHOW TABLES[0m
  [4;35;1mSQL (0.003031)[0m   [0mCREATE TABLE `object_values` (`id` int(11) DEFAULT NULL auto_increment PRIMARY KEY, `source_id` bigint(11) DEFAULT NULL NULL, `attrib` varchar(255) DEFAULT NULL NULL, `object` varchar(255) DEFAULT NULL NULL, `value` varchar(255) DEFAULT NULL NULL, `created_at` datetime DEFAULT NULL NULL, `updated_at` datetime DEFAULT NULL NULL, `update_type` varchar(255) DEFAULT NULL NULL) ENGINE=InnoDB[0m
  [4;36;1mSQL (0.001307)[0m   [0;1mSHOW TABLES[0m
  [4;35;1mSQL (0.006042)[0m   [0mCREATE TABLE `sources` (`id` int(11) DEFAULT NULL auto_increment PRIMARY KEY, `name` varchar(255) DEFAULT NULL NULL, `url` varchar(255) DEFAULT NULL NULL, `method` varchar(255) DEFAULT NULL NULL, `login` varchar(255) DEFAULT NULL NULL, `password` varchar(255) DEFAULT NULL NULL, `created_at` datetime DEFAULT NULL NULL, `updated_at` datetime DEFAULT NULL NULL, `prolog` text DEFAULT NULL NULL, `epilog` text DEFAULT NULL NULL, `call` text DEFAULT NULL NULL, `sync` text DEFAULT NULL NULL, `type` varchar(255) DEFAULT NULL NULL, `createcall` text DEFAULT NULL NULL, `updatecall` text DEFAULT NULL NULL, `deletecall` text DEFAULT NULL NULL) ENGINE=InnoDB[0m
  [4;36;1mSQL (0.001060)[0m   [0;1mSHOW TABLES[0m
  [4;35;1mSQL (0.005084)[0m   [0mCREATE TABLE `schema_migrations` (`version` varchar(255) NOT NULL) ENGINE=InnoDB[0m
  [4;36;1mSQL (0.008235)[0m   [0;1mCREATE UNIQUE INDEX `unique_schema_migrations` ON `schema_migrations` (`version`)[0m
  [4;35;1mSQL (0.001196)[0m   [0mSHOW TABLES[0m
  [4;36;1mSQL (0.001037)[0m   [0;1mSELECT version FROM `schema_migrations`[0m
  [4;35;1mSQL (0.000977)[0m   [0mINSERT INTO `schema_migrations` (version) VALUES ('20080915225024')[0m
  [4;36;1mSQL (0.000966)[0m   [0;1mINSERT INTO `schema_migrations` (version) VALUES ('20080831020723')[0m
  [4;35;1mSQL (0.002562)[0m   [0mINSERT INTO `schema_migrations` (version) VALUES ('20080831020931')[0m
  [4;36;1mSQL (0.001088)[0m   [0;1mINSERT INTO `schema_migrations` (version) VALUES ('20080902111111')[0m
  [4;35;1mSQL (0.000868)[0m   [0mINSERT INTO `schema_migrations` (version) VALUES ('20080906212411')[0m
  [4;36;1mSQL (0.000908)[0m   [0;1mINSERT INTO `schema_migrations` (version) VALUES ('20080906214406')[0m
